{"total": {"lines":{"total":1338,"covered":639,"skipped":0,"pct":47.75},"statements":{"total":1338,"covered":639,"skipped":0,"pct":47.75},"functions":{"total":32,"covered":26,"skipped":0,"pct":81.25},"branches":{"total":120,"covered":115,"skipped":0,"pct":95.83},"branchesTrue":{"total":0,"covered":0,"skipped":0,"pct":100}}
,"/home/runner/work/anja-ui/anja-ui/src/components/atoms/Badge/Badge.tsx": {"lines":{"total":76,"covered":76,"skipped":0,"pct":100},"functions":{"total":1,"covered":1,"skipped":0,"pct":100},"statements":{"total":76,"covered":76,"skipped":0,"pct":100},"branches":{"total":4,"covered":4,"skipped":0,"pct":100}}
,"/home/runner/work/anja-ui/anja-ui/src/components/atoms/Button/Button.tsx": {"lines":{"total":40,"covered":40,"skipped":0,"pct":100},"functions":{"total":0,"covered":0,"skipped":0,"pct":100},"statements":{"total":40,"covered":40,"skipped":0,"pct":100},"branches":{"total":2,"covered":2,"skipped":0,"pct":100}}
,"/home/runner/work/anja-ui/anja-ui/src/components/atoms/CheckBox/CheckBox.tsx": {"lines":{"total":82,"covered":0,"skipped":0,"pct":0},"functions":{"total":1,"covered":0,"skipped":0,"pct":0},"statements":{"total":82,"covered":0,"skipped":0,"pct":0},"branches":{"total":1,"covered":0,"skipped":0,"pct":0}}
,"/home/runner/work/anja-ui/anja-ui/src/components/atoms/Input/Input.tsx": {"lines":{"total":36,"covered":36,"skipped":0,"pct":100},"functions":{"total":0,"covered":0,"skipped":0,"pct":100},"statements":{"total":36,"covered":36,"skipped":0,"pct":100},"branches":{"total":1,"covered":1,"skipped":0,"pct":100}}
,"/home/runner/work/anja-ui/anja-ui/src/components/atoms/Label/Label.tsx": {"lines":{"total":3,"covered":3,"skipped":0,"pct":100},"functions":{"total":1,"covered":1,"skipped":0,"pct":100},"statements":{"total":3,"covered":3,"skipped":0,"pct":100},"branches":{"total":1,"covered":1,"skipped":0,"pct":100}}
,"/home/runner/work/anja-ui/anja-ui/src/components/atoms/Switch/Switch.tsx": {"lines":{"total":38,"covered":0,"skipped":0,"pct":0},"functions":{"total":1,"covered":0,"skipped":0,"pct":0},"statements":{"total":38,"covered":0,"skipped":0,"pct":0},"branches":{"total":1,"covered":0,"skipped":0,"pct":0}}
,"/home/runner/work/anja-ui/anja-ui/src/components/atoms/Typography/Typography.tsx": {"lines":{"total":62,"covered":62,"skipped":0,"pct":100},"functions":{"total":1,"covered":1,"skipped":0,"pct":100},"statements":{"total":62,"covered":62,"skipped":0,"pct":100},"branches":{"total":3,"covered":3,"skipped":0,"pct":100}}
,"/home/runner/work/anja-ui/anja-ui/src/components/molecules/CheckBoxField/CheckBoxField.tsx": {"lines":{"total":88,"covered":0,"skipped":0,"pct":0},"functions":{"total":1,"covered":1,"skipped":0,"pct":100},"statements":{"total":88,"covered":0,"skipped":0,"pct":0},"branches":{"total":1,"covered":1,"skipped":0,"pct":100}}
,"/home/runner/work/anja-ui/anja-ui/src/components/molecules/ComboBoxField/ComboBoxField.tsx": {"lines":{"total":222,"covered":209,"skipped":0,"pct":94.14},"functions":{"total":10,"covered":9,"skipped":0,"pct":90},"statements":{"total":222,"covered":209,"skipped":0,"pct":94.14},"branches":{"total":41,"covered":40,"skipped":0,"pct":97.56}}
,"/home/runner/work/anja-ui/anja-ui/src/components/molecules/FieldGroup/FieldGroup.tsx": {"lines":{"total":30,"covered":0,"skipped":0,"pct":0},"functions":{"total":1,"covered":0,"skipped":0,"pct":0},"statements":{"total":30,"covered":0,"skipped":0,"pct":0},"branches":{"total":1,"covered":0,"skipped":0,"pct":0}}
,"/home/runner/work/anja-ui/anja-ui/src/components/molecules/MultiCheckBoxField/MultiCheckBoxField.tsx": {"lines":{"total":156,"covered":0,"skipped":0,"pct":0},"functions":{"total":1,"covered":1,"skipped":0,"pct":100},"statements":{"total":156,"covered":0,"skipped":0,"pct":0},"branches":{"total":1,"covered":1,"skipped":0,"pct":100}}
,"/home/runner/work/anja-ui/anja-ui/src/components/molecules/TextField/TextField.tsx": {"lines":{"total":142,"covered":129,"skipped":0,"pct":90.84},"functions":{"total":1,"covered":0,"skipped":0,"pct":0},"statements":{"total":142,"covered":129,"skipped":0,"pct":90.84},"branches":{"total":9,"covered":9,"skipped":0,"pct":100}}
,"/home/runner/work/anja-ui/anja-ui/src/components/organisms/Form/Form.tsx": {"lines":{"total":193,"covered":0,"skipped":0,"pct":0},"functions":{"total":1,"covered":0,"skipped":0,"pct":0},"statements":{"total":193,"covered":0,"skipped":0,"pct":0},"branches":{"total":1,"covered":0,"skipped":0,"pct":0}}
,"/home/runner/work/anja-ui/anja-ui/src/components/organisms/Form/paths.ts": {"lines":{"total":0,"covered":0,"skipped":0,"pct":0},"functions":{"total":1,"covered":1,"skipped":0,"pct":0},"statements":{"total":0,"covered":0,"skipped":0,"pct":0},"branches":{"total":1,"covered":1,"skipped":0,"pct":0}}
,"/home/runner/work/anja-ui/anja-ui/src/components/organisms/Form/renderers.tsx": {"lines":{"total":86,"covered":0,"skipped":0,"pct":0},"functions":{"total":1,"covered":1,"skipped":0,"pct":100},"statements":{"total":86,"covered":0,"skipped":0,"pct":0},"branches":{"total":1,"covered":1,"skipped":0,"pct":100}}
,"/home/runner/work/anja-ui/anja-ui/src/utils/ThemeContext.tsx": {"lines":{"total":2,"covered":2,"skipped":0,"pct":100},"functions":{"total":0,"covered":0,"skipped":0,"pct":100},"statements":{"total":2,"covered":2,"skipped":0,"pct":100},"branches":{"total":0,"covered":0,"skipped":0,"pct":100}}
,"/home/runner/work/anja-ui/anja-ui/src/utils/ThemeProvider.tsx": {"lines":{"total":50,"covered":50,"skipped":0,"pct":100},"functions":{"total":4,"covered":4,"skipped":0,"pct":100},"statements":{"total":50,"covered":50,"skipped":0,"pct":100},"branches":{"total":36,"covered":36,"skipped":0,"pct":100}}
,"/home/runner/work/anja-ui/anja-ui/src/utils/escapeRegex.ts": {"lines":{"total":1,"covered":1,"skipped":0,"pct":100},"functions":{"total":1,"covered":1,"skipped":0,"pct":100},"statements":{"total":1,"covered":1,"skipped":0,"pct":100},"branches":{"total":1,"covered":1,"skipped":0,"pct":100}}
,"/home/runner/work/anja-ui/anja-ui/src/utils/themeHelpers.ts": {"lines":{"total":24,"covered":24,"skipped":0,"pct":100},"functions":{"total":4,"covered":4,"skipped":0,"pct":100},"statements":{"total":24,"covered":24,"skipped":0,"pct":100},"branches":{"total":11,"covered":11,"skipped":0,"pct":100}}
,"/home/runner/work/anja-ui/anja-ui/src/utils/useTheme.tsx": {"lines":{"total":7,"covered":7,"skipped":0,"pct":100},"functions":{"total":1,"covered":1,"skipped":0,"pct":100},"statements":{"total":7,"covered":7,"skipped":0,"pct":100},"branches":{"total":3,"covered":3,"skipped":0,"pct":100}}
}
