{"/home/runner/work/anja-ui/anja-ui/src/components/atoms/Badge/Badge.tsx": {"path":"/home/runner/work/anja-ui/anja-ui/src/components/atoms/Badge/Badge.tsx","all":false,"statementMap":{"0":{"start":{"line":1,"column":0},"end":{"line":1,"column":66}},"2":{"start":{"line":3,"column":0},"end":{"line":3,"column":41}},"4":{"start":{"line":5,"column":0},"end":{"line":5,"column":26}},"5":{"start":{"line":6,"column":0},"end":{"line":6,"column":77}},"6":{"start":{"line":7,"column":0},"end":{"line":7,"column":3}},"7":{"start":{"line":8,"column":0},"end":{"line":8,"column":15}},"8":{"start":{"line":9,"column":0},"end":{"line":9,"column":16}},"9":{"start":{"line":10,"column":0},"end":{"line":10,"column":17}},"10":{"start":{"line":11,"column":0},"end":{"line":11,"column":23}},"15":{"start":{"line":16,"column":0},"end":{"line":16,"column":17}},"16":{"start":{"line":17,"column":0},"end":{"line":17,"column":18}},"21":{"start":{"line":22,"column":0},"end":{"line":22,"column":43}},"23":{"start":{"line":24,"column":0},"end":{"line":24,"column":8}},"24":{"start":{"line":25,"column":0},"end":{"line":25,"column":14}},"25":{"start":{"line":26,"column":0},"end":{"line":26,"column":56}},"30":{"start":{"line":31,"column":0},"end":{"line":31,"column":54}},"35":{"start":{"line":36,"column":0},"end":{"line":36,"column":15}},"36":{"start":{"line":37,"column":0},"end":{"line":37,"column":54}},"41":{"start":{"line":42,"column":0},"end":{"line":42,"column":14}},"42":{"start":{"line":43,"column":0},"end":{"line":43,"column":54}},"46":{"start":{"line":47,"column":0},"end":{"line":47,"column":8}},"47":{"start":{"line":48,"column":0},"end":{"line":48,"column":16}},"48":{"start":{"line":49,"column":0},"end":{"line":49,"column":29}},"49":{"start":{"line":50,"column":0},"end":{"line":50,"column":8}},"50":{"start":{"line":51,"column":0},"end":{"line":51,"column":13}},"51":{"start":{"line":52,"column":0},"end":{"line":52,"column":22}},"52":{"start":{"line":53,"column":0},"end":{"line":53,"column":22}},"53":{"start":{"line":54,"column":0},"end":{"line":54,"column":24}},"54":{"start":{"line":55,"column":0},"end":{"line":55,"column":8}},"55":{"start":{"line":56,"column":0},"end":{"line":56,"column":6}},"56":{"start":{"line":57,"column":0},"end":{"line":57,"column":3}},"57":{"start":{"line":58,"column":0},"end":{"line":58,"column":2}},"59":{"start":{"line":60,"column":0},"end":{"line":60,"column":33}},"60":{"start":{"line":61,"column":0},"end":{"line":61,"column":13}},"61":{"start":{"line":62,"column":0},"end":{"line":62,"column":11}},"62":{"start":{"line":63,"column":0},"end":{"line":63,"column":21}},"63":{"start":{"line":64,"column":0},"end":{"line":64,"column":19}},"64":{"start":{"line":65,"column":0},"end":{"line":65,"column":21}},"65":{"start":{"line":66,"column":0},"end":{"line":66,"column":6}},"66":{"start":{"line":67,"column":0},"end":{"line":67,"column":12}},"67":{"start":{"line":68,"column":0},"end":{"line":68,"column":26}},"68":{"start":{"line":69,"column":0},"end":{"line":69,"column":31}},"69":{"start":{"line":70,"column":0},"end":{"line":70,"column":32}},"70":{"start":{"line":71,"column":0},"end":{"line":71,"column":30}},"71":{"start":{"line":72,"column":0},"end":{"line":72,"column":6}},"72":{"start":{"line":73,"column":0},"end":{"line":73,"column":4}},"73":{"start":{"line":74,"column":0},"end":{"line":74,"column":3}},"81":{"start":{"line":82,"column":0},"end":{"line":82,"column":23}},"82":{"start":{"line":83,"column":0},"end":{"line":83,"column":11}},"83":{"start":{"line":84,"column":0},"end":{"line":84,"column":7}},"84":{"start":{"line":85,"column":0},"end":{"line":85,"column":8}},"85":{"start":{"line":86,"column":0},"end":{"line":86,"column":10}},"86":{"start":{"line":87,"column":0},"end":{"line":87,"column":9}},"87":{"start":{"line":88,"column":0},"end":{"line":88,"column":10}},"88":{"start":{"line":89,"column":0},"end":{"line":89,"column":7}},"89":{"start":{"line":90,"column":0},"end":{"line":90,"column":10}},"90":{"start":{"line":91,"column":0},"end":{"line":91,"column":35}},"91":{"start":{"line":92,"column":0},"end":{"line":92,"column":33}},"92":{"start":{"line":93,"column":0},"end":{"line":93,"column":10}},"93":{"start":{"line":94,"column":0},"end":{"line":94,"column":9}},"94":{"start":{"line":95,"column":0},"end":{"line":95,"column":23}},"95":{"start":{"line":96,"column":0},"end":{"line":96,"column":25}},"96":{"start":{"line":97,"column":0},"end":{"line":97,"column":57}},"97":{"start":{"line":98,"column":0},"end":{"line":98,"column":20}},"98":{"start":{"line":99,"column":0},"end":{"line":99,"column":73}},"99":{"start":{"line":100,"column":0},"end":{"line":100,"column":8}},"101":{"start":{"line":102,"column":0},"end":{"line":102,"column":18}},"102":{"start":{"line":103,"column":0},"end":{"line":103,"column":12}},"103":{"start":{"line":104,"column":0},"end":{"line":104,"column":27}},"104":{"start":{"line":105,"column":0},"end":{"line":105,"column":28}},"105":{"start":{"line":106,"column":0},"end":{"line":106,"column":52}},"107":{"start":{"line":108,"column":0},"end":{"line":108,"column":40}},"108":{"start":{"line":109,"column":0},"end":{"line":109,"column":14}},"110":{"start":{"line":111,"column":0},"end":{"line":111,"column":24}},"111":{"start":{"line":112,"column":0},"end":{"line":112,"column":11}},"113":{"start":{"line":114,"column":0},"end":{"line":114,"column":1}}},"s":{"0":1,"2":1,"4":1,"5":1,"6":1,"7":1,"8":1,"9":1,"10":1,"15":1,"16":1,"21":1,"23":1,"24":1,"25":1,"30":1,"35":1,"36":1,"41":1,"42":1,"46":1,"47":1,"48":1,"49":1,"50":1,"51":1,"52":1,"53":1,"54":1,"55":1,"56":1,"57":1,"59":1,"60":1,"61":1,"62":1,"63":1,"64":1,"65":1,"66":1,"67":1,"68":1,"69":1,"70":1,"71":1,"72":1,"73":1,"81":1,"82":9,"83":9,"84":9,"85":9,"86":9,"87":9,"88":9,"89":9,"90":9,"91":9,"92":9,"93":9,"94":9,"95":9,"96":9,"97":9,"98":9,"99":9,"101":9,"102":1,"103":1,"104":1,"105":1,"107":1,"108":1,"110":9,"111":9,"113":9},"branchMap":{"0":{"type":"branch","line":82,"loc":{"start":{"line":82,"column":7},"end":{"line":114,"column":1}},"locations":[{"start":{"line":82,"column":7},"end":{"line":114,"column":1}}]},"1":{"type":"branch","line":99,"loc":{"start":{"line":99,"column":8},"end":{"line":99,"column":73}},"locations":[{"start":{"line":99,"column":8},"end":{"line":99,"column":73}}]},"2":{"type":"branch","line":102,"loc":{"start":{"line":102,"column":7},"end":{"line":109,"column":14}},"locations":[{"start":{"line":102,"column":7},"end":{"line":109,"column":14}}]},"3":{"type":"branch","line":111,"loc":{"start":{"line":111,"column":7},"end":{"line":111,"column":24}},"locations":[{"start":{"line":111,"column":7},"end":{"line":111,"column":24}}]}},"b":{"0":[9],"1":[1],"2":[1],"3":[1]},"fnMap":{"0":{"name":"Badge","decl":{"start":{"line":82,"column":7},"end":{"line":114,"column":1}},"loc":{"start":{"line":82,"column":7},"end":{"line":114,"column":1}},"line":82}},"f":{"0":9}}
,"/home/runner/work/anja-ui/anja-ui/src/components/atoms/Button/Button.tsx": {"path":"/home/runner/work/anja-ui/anja-ui/src/components/atoms/Button/Button.tsx","all":false,"statementMap":{"0":{"start":{"line":1,"column":0},"end":{"line":1,"column":66}},"2":{"start":{"line":3,"column":0},"end":{"line":3,"column":41}},"3":{"start":{"line":4,"column":0},"end":{"line":4,"column":35}},"10":{"start":{"line":11,"column":0},"end":{"line":11,"column":27}},"11":{"start":{"line":12,"column":0},"end":{"line":12,"column":105}},"13":{"start":{"line":14,"column":0},"end":{"line":14,"column":3}},"14":{"start":{"line":15,"column":0},"end":{"line":15,"column":15}},"15":{"start":{"line":16,"column":0},"end":{"line":16,"column":16}},"16":{"start":{"line":17,"column":0},"end":{"line":17,"column":21}},"17":{"start":{"line":18,"column":0},"end":{"line":18,"column":16}},"18":{"start":{"line":19,"column":0},"end":{"line":19,"column":94}},"19":{"start":{"line":20,"column":0},"end":{"line":20,"column":75}},"20":{"start":{"line":21,"column":0},"end":{"line":21,"column":75}},"21":{"start":{"line":22,"column":0},"end":{"line":22,"column":77}},"22":{"start":{"line":23,"column":0},"end":{"line":23,"column":66}},"23":{"start":{"line":24,"column":0},"end":{"line":24,"column":75}},"24":{"start":{"line":25,"column":0},"end":{"line":25,"column":8}},"25":{"start":{"line":26,"column":0},"end":{"line":26,"column":13}},"26":{"start":{"line":27,"column":0},"end":{"line":27,"column":43}},"27":{"start":{"line":28,"column":0},"end":{"line":28,"column":45}},"28":{"start":{"line":29,"column":0},"end":{"line":29,"column":43}},"29":{"start":{"line":30,"column":0},"end":{"line":30,"column":8}},"30":{"start":{"line":31,"column":0},"end":{"line":31,"column":6}},"31":{"start":{"line":32,"column":0},"end":{"line":32,"column":22}},"32":{"start":{"line":33,"column":0},"end":{"line":33,"column":25}},"33":{"start":{"line":34,"column":0},"end":{"line":34,"column":17}},"34":{"start":{"line":35,"column":0},"end":{"line":35,"column":6}},"35":{"start":{"line":36,"column":0},"end":{"line":36,"column":3}},"36":{"start":{"line":37,"column":0},"end":{"line":37,"column":2}},"38":{"start":{"line":39,"column":0},"end":{"line":39,"column":33}},"41":{"start":{"line":42,"column":0},"end":{"line":42,"column":68}},"42":{"start":{"line":43,"column":0},"end":{"line":43,"column":10}},"43":{"start":{"line":44,"column":0},"end":{"line":44,"column":11}},"44":{"start":{"line":45,"column":0},"end":{"line":45,"column":15}},"45":{"start":{"line":46,"column":0},"end":{"line":46,"column":71}},"46":{"start":{"line":47,"column":0},"end":{"line":47,"column":16}},"48":{"start":{"line":49,"column":0},"end":{"line":49,"column":24}},"49":{"start":{"line":50,"column":0},"end":{"line":50,"column":13}},"51":{"start":{"line":52,"column":0},"end":{"line":52,"column":3}},"53":{"start":{"line":54,"column":0},"end":{"line":54,"column":30}}},"s":{"0":1,"2":1,"3":1,"10":1,"11":1,"13":1,"14":1,"15":1,"16":1,"17":1,"18":1,"19":1,"20":1,"21":1,"22":1,"23":1,"24":1,"25":1,"26":1,"27":1,"28":1,"29":1,"30":1,"31":1,"32":1,"33":1,"34":1,"35":1,"36":1,"38":1,"41":1,"42":7,"43":7,"44":7,"45":7,"46":7,"48":7,"49":7,"51":7,"53":1},"branchMap":{"0":{"type":"branch","line":42,"loc":{"start":{"line":42,"column":2},"end":{"line":52,"column":3}},"locations":[{"start":{"line":42,"column":2},"end":{"line":52,"column":3}}]},"1":{"type":"branch","line":49,"loc":{"start":{"line":49,"column":7},"end":{"line":49,"column":24}},"locations":[{"start":{"line":49,"column":7},"end":{"line":49,"column":24}}]}},"b":{"0":[7],"1":[5]},"fnMap":{},"f":{}}
,"/home/runner/work/anja-ui/anja-ui/src/components/atoms/CheckBox/CheckBox.tsx": {"path":"/home/runner/work/anja-ui/anja-ui/src/components/atoms/CheckBox/CheckBox.tsx","all":true,"statementMap":{"0":{"start":{"line":1,"column":0},"end":{"line":1,"column":78}},"1":{"start":{"line":2,"column":0},"end":{"line":2,"column":66}},"3":{"start":{"line":4,"column":0},"end":{"line":4,"column":41}},"5":{"start":{"line":6,"column":0},"end":{"line":6,"column":60}},"6":{"start":{"line":7,"column":0},"end":{"line":7,"column":13}},"7":{"start":{"line":8,"column":0},"end":{"line":8,"column":17}},"8":{"start":{"line":9,"column":0},"end":{"line":9,"column":15}},"9":{"start":{"line":10,"column":0},"end":{"line":10,"column":139}},"10":{"start":{"line":11,"column":0},"end":{"line":11,"column":46}},"16":{"start":{"line":17,"column":0},"end":{"line":17,"column":6}},"17":{"start":{"line":18,"column":0},"end":{"line":18,"column":11}},"18":{"start":{"line":19,"column":0},"end":{"line":19,"column":42}},"19":{"start":{"line":20,"column":0},"end":{"line":20,"column":42}},"20":{"start":{"line":21,"column":0},"end":{"line":21,"column":42}},"21":{"start":{"line":22,"column":0},"end":{"line":22,"column":6}},"22":{"start":{"line":23,"column":0},"end":{"line":23,"column":4}},"23":{"start":{"line":24,"column":0},"end":{"line":24,"column":20}},"24":{"start":{"line":25,"column":0},"end":{"line":25,"column":15}},"25":{"start":{"line":26,"column":0},"end":{"line":26,"column":27}},"26":{"start":{"line":27,"column":0},"end":{"line":27,"column":4}},"27":{"start":{"line":28,"column":0},"end":{"line":28,"column":3}},"29":{"start":{"line":30,"column":0},"end":{"line":30,"column":32}},"30":{"start":{"line":31,"column":0},"end":{"line":31,"column":57}},"34":{"start":{"line":35,"column":0},"end":{"line":35,"column":3}},"35":{"start":{"line":36,"column":0},"end":{"line":36,"column":15}},"36":{"start":{"line":37,"column":0},"end":{"line":37,"column":19}},"37":{"start":{"line":38,"column":0},"end":{"line":38,"column":74}},"38":{"start":{"line":39,"column":0},"end":{"line":39,"column":89}},"39":{"start":{"line":40,"column":0},"end":{"line":40,"column":8}},"40":{"start":{"line":41,"column":0},"end":{"line":41,"column":13}},"41":{"start":{"line":42,"column":0},"end":{"line":42,"column":54}},"42":{"start":{"line":43,"column":0},"end":{"line":43,"column":54}},"43":{"start":{"line":44,"column":0},"end":{"line":44,"column":54}},"44":{"start":{"line":45,"column":0},"end":{"line":45,"column":8}},"45":{"start":{"line":46,"column":0},"end":{"line":46,"column":6}},"46":{"start":{"line":47,"column":0},"end":{"line":47,"column":22}},"47":{"start":{"line":48,"column":0},"end":{"line":48,"column":17}},"48":{"start":{"line":49,"column":0},"end":{"line":49,"column":29}},"49":{"start":{"line":50,"column":0},"end":{"line":50,"column":6}},"50":{"start":{"line":51,"column":0},"end":{"line":51,"column":3}},"51":{"start":{"line":52,"column":0},"end":{"line":52,"column":2}},"59":{"start":{"line":60,"column":0},"end":{"line":60,"column":26}},"60":{"start":{"line":61,"column":0},"end":{"line":61,"column":10}},"61":{"start":{"line":62,"column":0},"end":{"line":62,"column":11}},"62":{"start":{"line":63,"column":0},"end":{"line":63,"column":13}},"63":{"start":{"line":64,"column":0},"end":{"line":64,"column":7}},"64":{"start":{"line":65,"column":0},"end":{"line":65,"column":25}},"65":{"start":{"line":66,"column":0},"end":{"line":66,"column":11}},"66":{"start":{"line":67,"column":0},"end":{"line":67,"column":12}},"67":{"start":{"line":68,"column":0},"end":{"line":68,"column":10}},"68":{"start":{"line":69,"column":0},"end":{"line":69,"column":38}},"69":{"start":{"line":70,"column":0},"end":{"line":70,"column":10}},"70":{"start":{"line":71,"column":0},"end":{"line":71,"column":14}},"71":{"start":{"line":72,"column":0},"end":{"line":72,"column":23}},"72":{"start":{"line":73,"column":0},"end":{"line":73,"column":25}},"73":{"start":{"line":74,"column":0},"end":{"line":74,"column":16}},"74":{"start":{"line":75,"column":0},"end":{"line":75,"column":25}},"75":{"start":{"line":76,"column":0},"end":{"line":76,"column":26}},"76":{"start":{"line":77,"column":0},"end":{"line":77,"column":15}},"77":{"start":{"line":78,"column":0},"end":{"line":78,"column":21}},"78":{"start":{"line":79,"column":0},"end":{"line":79,"column":11}},"79":{"start":{"line":80,"column":0},"end":{"line":80,"column":17}},"80":{"start":{"line":81,"column":0},"end":{"line":81,"column":8}},"82":{"start":{"line":83,"column":0},"end":{"line":83,"column":27}},"83":{"start":{"line":84,"column":0},"end":{"line":84,"column":78}},"86":{"start":{"line":87,"column":0},"end":{"line":87,"column":31}},"87":{"start":{"line":88,"column":0},"end":{"line":88,"column":16}},"89":{"start":{"line":90,"column":0},"end":{"line":90,"column":12}},"90":{"start":{"line":91,"column":0},"end":{"line":91,"column":127}},"91":{"start":{"line":92,"column":0},"end":{"line":92,"column":29}},"92":{"start":{"line":93,"column":0},"end":{"line":93,"column":21}},"94":{"start":{"line":95,"column":0},"end":{"line":95,"column":15}},"95":{"start":{"line":96,"column":0},"end":{"line":96,"column":32}},"96":{"start":{"line":97,"column":0},"end":{"line":97,"column":27}},"97":{"start":{"line":98,"column":0},"end":{"line":98,"column":33}},"98":{"start":{"line":99,"column":0},"end":{"line":99,"column":34}},"99":{"start":{"line":100,"column":0},"end":{"line":100,"column":12}},"100":{"start":{"line":101,"column":0},"end":{"line":101,"column":14}},"102":{"start":{"line":103,"column":0},"end":{"line":103,"column":16}},"104":{"start":{"line":105,"column":0},"end":{"line":105,"column":1}}},"s":{"0":0,"1":0,"3":0,"5":0,"6":0,"7":0,"8":0,"9":0,"10":0,"16":0,"17":0,"18":0,"19":0,"20":0,"21":0,"22":0,"23":0,"24":0,"25":0,"26":0,"27":0,"29":0,"30":0,"34":0,"35":0,"36":0,"37":0,"38":0,"39":0,"40":0,"41":0,"42":0,"43":0,"44":0,"45":0,"46":0,"47":0,"48":0,"49":0,"50":0,"51":0,"59":0,"60":0,"61":0,"62":0,"63":0,"64":0,"65":0,"66":0,"67":0,"68":0,"69":0,"70":0,"71":0,"72":0,"73":0,"74":0,"75":0,"76":0,"77":0,"78":0,"79":0,"80":0,"82":0,"83":0,"86":0,"87":0,"89":0,"90":0,"91":0,"92":0,"94":0,"95":0,"96":0,"97":0,"98":0,"99":0,"100":0,"102":0,"104":0},"branchMap":{"0":{"type":"branch","line":1,"loc":{"start":{"line":1,"column":3402},"end":{"line":105,"column":1}},"locations":[{"start":{"line":1,"column":3402},"end":{"line":105,"column":1}}]}},"b":{"0":[0]},"fnMap":{"0":{"name":"(empty-report)","decl":{"start":{"line":1,"column":3402},"end":{"line":105,"column":1}},"loc":{"start":{"line":1,"column":3402},"end":{"line":105,"column":1}},"line":1}},"f":{"0":0}}
,"/home/runner/work/anja-ui/anja-ui/src/components/atoms/Input/Input.tsx": {"path":"/home/runner/work/anja-ui/anja-ui/src/components/atoms/Input/Input.tsx","all":false,"statementMap":{"0":{"start":{"line":1,"column":0},"end":{"line":1,"column":66}},"1":{"start":{"line":2,"column":0},"end":{"line":2,"column":41}},"2":{"start":{"line":3,"column":0},"end":{"line":3,"column":35}},"7":{"start":{"line":8,"column":0},"end":{"line":8,"column":26}},"8":{"start":{"line":9,"column":0},"end":{"line":9,"column":86}},"9":{"start":{"line":10,"column":0},"end":{"line":10,"column":3}},"10":{"start":{"line":11,"column":0},"end":{"line":11,"column":15}},"11":{"start":{"line":12,"column":0},"end":{"line":12,"column":19}},"12":{"start":{"line":13,"column":0},"end":{"line":13,"column":59}},"13":{"start":{"line":14,"column":0},"end":{"line":14,"column":46}},"14":{"start":{"line":15,"column":0},"end":{"line":15,"column":50}},"15":{"start":{"line":16,"column":0},"end":{"line":16,"column":8}},"16":{"start":{"line":17,"column":0},"end":{"line":17,"column":18}},"17":{"start":{"line":18,"column":0},"end":{"line":18,"column":46}},"18":{"start":{"line":19,"column":0},"end":{"line":19,"column":46}},"19":{"start":{"line":20,"column":0},"end":{"line":20,"column":46}},"20":{"start":{"line":21,"column":0},"end":{"line":21,"column":8}},"21":{"start":{"line":22,"column":0},"end":{"line":22,"column":6}},"22":{"start":{"line":23,"column":0},"end":{"line":23,"column":22}},"23":{"start":{"line":24,"column":0},"end":{"line":24,"column":22}},"24":{"start":{"line":25,"column":0},"end":{"line":25,"column":28}},"25":{"start":{"line":26,"column":0},"end":{"line":26,"column":6}},"26":{"start":{"line":27,"column":0},"end":{"line":27,"column":3}},"27":{"start":{"line":28,"column":0},"end":{"line":28,"column":2}},"29":{"start":{"line":30,"column":0},"end":{"line":30,"column":62}},"30":{"start":{"line":31,"column":0},"end":{"line":31,"column":60}},"31":{"start":{"line":32,"column":0},"end":{"line":32,"column":12}},"32":{"start":{"line":33,"column":0},"end":{"line":33,"column":12}},"33":{"start":{"line":34,"column":0},"end":{"line":34,"column":17}},"34":{"start":{"line":35,"column":0},"end":{"line":35,"column":80}},"35":{"start":{"line":36,"column":0},"end":{"line":36,"column":18}},"36":{"start":{"line":37,"column":0},"end":{"line":37,"column":8}},"38":{"start":{"line":39,"column":0},"end":{"line":39,"column":3}},"39":{"start":{"line":40,"column":0},"end":{"line":40,"column":2}},"41":{"start":{"line":42,"column":0},"end":{"line":42,"column":28}}},"s":{"0":1,"1":1,"2":1,"7":1,"8":1,"9":1,"10":1,"11":1,"12":1,"13":1,"14":1,"15":1,"16":1,"17":1,"18":1,"19":1,"20":1,"21":1,"22":1,"23":1,"24":1,"25":1,"26":1,"27":1,"29":1,"30":1,"31":152,"32":152,"33":152,"34":152,"35":152,"36":152,"38":152,"39":1,"41":1},"branchMap":{"0":{"type":"branch","line":31,"loc":{"start":{"line":31,"column":2},"end":{"line":39,"column":3}},"locations":[{"start":{"line":31,"column":2},"end":{"line":39,"column":3}}]}},"b":{"0":[152]},"fnMap":{},"f":{}}
,"/home/runner/work/anja-ui/anja-ui/src/components/atoms/Label/Label.tsx": {"path":"/home/runner/work/anja-ui/anja-ui/src/components/atoms/Label/Label.tsx","all":false,"statementMap":{"1":{"start":{"line":2,"column":0},"end":{"line":2,"column":49}},"2":{"start":{"line":3,"column":0},"end":{"line":3,"column":30}},"3":{"start":{"line":4,"column":0},"end":{"line":4,"column":1}}},"s":{"1":1,"2":41,"3":41},"branchMap":{"0":{"type":"branch","line":2,"loc":{"start":{"line":2,"column":7},"end":{"line":4,"column":1}},"locations":[{"start":{"line":2,"column":7},"end":{"line":4,"column":1}}]}},"b":{"0":[41]},"fnMap":{"0":{"name":"Label","decl":{"start":{"line":2,"column":7},"end":{"line":4,"column":1}},"loc":{"start":{"line":2,"column":7},"end":{"line":4,"column":1}},"line":2}},"f":{"0":41}}
,"/home/runner/work/anja-ui/anja-ui/src/components/atoms/Typography/Typography.tsx": {"path":"/home/runner/work/anja-ui/anja-ui/src/components/atoms/Typography/Typography.tsx","all":false,"statementMap":{"0":{"start":{"line":1,"column":0},"end":{"line":1,"column":15}},"8":{"start":{"line":9,"column":0},"end":{"line":9,"column":66}},"9":{"start":{"line":10,"column":0},"end":{"line":10,"column":41}},"11":{"start":{"line":12,"column":0},"end":{"line":12,"column":45}},"12":{"start":{"line":13,"column":0},"end":{"line":13,"column":13}},"13":{"start":{"line":14,"column":0},"end":{"line":14,"column":14}},"14":{"start":{"line":15,"column":0},"end":{"line":15,"column":46}},"15":{"start":{"line":16,"column":0},"end":{"line":16,"column":35}},"16":{"start":{"line":17,"column":0},"end":{"line":17,"column":35}},"17":{"start":{"line":18,"column":0},"end":{"line":18,"column":36}},"18":{"start":{"line":19,"column":0},"end":{"line":19,"column":61}},"19":{"start":{"line":20,"column":0},"end":{"line":20,"column":6}},"20":{"start":{"line":21,"column":0},"end":{"line":21,"column":12}},"21":{"start":{"line":22,"column":0},"end":{"line":22,"column":35}},"22":{"start":{"line":23,"column":0},"end":{"line":23,"column":39}},"23":{"start":{"line":24,"column":0},"end":{"line":24,"column":28}},"24":{"start":{"line":25,"column":0},"end":{"line":25,"column":30}},"25":{"start":{"line":26,"column":0},"end":{"line":26,"column":6}},"26":{"start":{"line":27,"column":0},"end":{"line":27,"column":12}},"27":{"start":{"line":28,"column":0},"end":{"line":28,"column":24}},"28":{"start":{"line":29,"column":0},"end":{"line":29,"column":28}},"29":{"start":{"line":30,"column":0},"end":{"line":30,"column":26}},"30":{"start":{"line":31,"column":0},"end":{"line":31,"column":30}},"31":{"start":{"line":32,"column":0},"end":{"line":32,"column":6}},"32":{"start":{"line":33,"column":0},"end":{"line":33,"column":4}},"33":{"start":{"line":34,"column":0},"end":{"line":34,"column":72}},"34":{"start":{"line":35,"column":0},"end":{"line":35,"column":3}},"40":{"start":{"line":41,"column":0},"end":{"line":41,"column":74}},"41":{"start":{"line":42,"column":0},"end":{"line":42,"column":11}},"42":{"start":{"line":43,"column":0},"end":{"line":43,"column":11}},"43":{"start":{"line":44,"column":0},"end":{"line":44,"column":11}},"44":{"start":{"line":45,"column":0},"end":{"line":45,"column":12}},"45":{"start":{"line":46,"column":0},"end":{"line":46,"column":18}},"46":{"start":{"line":47,"column":0},"end":{"line":47,"column":2}},"65":{"start":{"line":66,"column":0},"end":{"line":66,"column":56}},"66":{"start":{"line":67,"column":0},"end":{"line":67,"column":3}},"67":{"start":{"line":68,"column":0},"end":{"line":68,"column":7}},"68":{"start":{"line":69,"column":0},"end":{"line":69,"column":21}},"69":{"start":{"line":70,"column":0},"end":{"line":70,"column":10}},"70":{"start":{"line":71,"column":0},"end":{"line":71,"column":10}},"71":{"start":{"line":72,"column":0},"end":{"line":72,"column":14}},"72":{"start":{"line":73,"column":0},"end":{"line":73,"column":9}},"73":{"start":{"line":74,"column":0},"end":{"line":74,"column":13}},"74":{"start":{"line":75,"column":0},"end":{"line":75,"column":11}},"75":{"start":{"line":76,"column":0},"end":{"line":76,"column":25}},"76":{"start":{"line":77,"column":0},"end":{"line":77,"column":24}},"77":{"start":{"line":78,"column":0},"end":{"line":78,"column":3}},"78":{"start":{"line":79,"column":0},"end":{"line":79,"column":68}},"79":{"start":{"line":80,"column":0},"end":{"line":80,"column":10}},"80":{"start":{"line":81,"column":0},"end":{"line":81,"column":14}},"81":{"start":{"line":82,"column":0},"end":{"line":82,"column":15}},"82":{"start":{"line":83,"column":0},"end":{"line":83,"column":25}},"83":{"start":{"line":84,"column":0},"end":{"line":84,"column":54}},"84":{"start":{"line":85,"column":0},"end":{"line":85,"column":17}},"85":{"start":{"line":86,"column":0},"end":{"line":86,"column":8}},"86":{"start":{"line":87,"column":0},"end":{"line":87,"column":15}},"88":{"start":{"line":89,"column":0},"end":{"line":89,"column":24}},"89":{"start":{"line":90,"column":0},"end":{"line":90,"column":16}},"91":{"start":{"line":92,"column":0},"end":{"line":92,"column":1}},"96":{"start":{"line":97,"column":0},"end":{"line":97,"column":30}},"97":{"start":{"line":98,"column":0},"end":{"line":98,"column":32}},"100":{"start":{"line":101,"column":0},"end":{"line":101,"column":25}},"102":{"start":{"line":103,"column":0},"end":{"line":103,"column":26}}},"s":{"0":1,"8":1,"9":1,"11":1,"12":1,"13":1,"14":1,"15":1,"16":1,"17":1,"18":1,"19":1,"20":1,"21":1,"22":1,"23":1,"24":1,"25":1,"26":1,"27":1,"28":1,"29":1,"30":1,"31":1,"32":1,"33":1,"34":1,"40":1,"41":1,"42":1,"43":1,"44":1,"45":1,"46":1,"65":17,"66":17,"67":17,"68":17,"69":17,"70":17,"71":17,"72":17,"73":17,"74":17,"75":17,"76":17,"77":17,"78":17,"79":17,"80":17,"81":17,"82":17,"83":17,"84":17,"85":17,"86":17,"88":17,"89":17,"91":17,"96":1,"97":1,"100":1,"102":1},"branchMap":{"0":{"type":"branch","line":66,"loc":{"start":{"line":66,"column":0},"end":{"line":92,"column":1}},"locations":[{"start":{"line":66,"column":0},"end":{"line":92,"column":1}}]},"1":{"type":"branch","line":79,"loc":{"start":{"line":79,"column":21},"end":{"line":79,"column":68}},"locations":[{"start":{"line":79,"column":21},"end":{"line":79,"column":68}}]},"2":{"type":"branch","line":89,"loc":{"start":{"line":89,"column":7},"end":{"line":89,"column":24}},"locations":[{"start":{"line":89,"column":7},"end":{"line":89,"column":24}}]}},"b":{"0":[17],"1":[15],"2":[16]},"fnMap":{"0":{"name":"BaseTypography","decl":{"start":{"line":66,"column":0},"end":{"line":92,"column":1}},"loc":{"start":{"line":66,"column":0},"end":{"line":92,"column":1}},"line":66}},"f":{"0":17}}
,"/home/runner/work/anja-ui/anja-ui/src/components/molecules/CheckBoxField/CheckBoxField.tsx": {"path":"/home/runner/work/anja-ui/anja-ui/src/components/molecules/CheckBoxField/CheckBoxField.tsx","all":true,"statementMap":{"1":{"start":{"line":2,"column":0},"end":{"line":2,"column":68}},"2":{"start":{"line":3,"column":0},"end":{"line":3,"column":42}},"3":{"start":{"line":4,"column":0},"end":{"line":4,"column":59}},"4":{"start":{"line":5,"column":0},"end":{"line":5,"column":66}},"5":{"start":{"line":6,"column":0},"end":{"line":6,"column":59}},"10":{"start":{"line":11,"column":0},"end":{"line":11,"column":41}},"11":{"start":{"line":12,"column":0},"end":{"line":12,"column":13}},"12":{"start":{"line":13,"column":0},"end":{"line":13,"column":17}},"13":{"start":{"line":14,"column":0},"end":{"line":14,"column":14}},"14":{"start":{"line":15,"column":0},"end":{"line":15,"column":81}},"15":{"start":{"line":16,"column":0},"end":{"line":16,"column":17}},"16":{"start":{"line":17,"column":0},"end":{"line":17,"column":19}},"17":{"start":{"line":18,"column":0},"end":{"line":18,"column":6}},"18":{"start":{"line":19,"column":0},"end":{"line":19,"column":11}},"19":{"start":{"line":20,"column":0},"end":{"line":20,"column":160}},"20":{"start":{"line":21,"column":0},"end":{"line":21,"column":160}},"21":{"start":{"line":22,"column":0},"end":{"line":22,"column":160}},"22":{"start":{"line":23,"column":0},"end":{"line":23,"column":6}},"23":{"start":{"line":24,"column":0},"end":{"line":24,"column":4}},"24":{"start":{"line":25,"column":0},"end":{"line":25,"column":20}},"25":{"start":{"line":26,"column":0},"end":{"line":26,"column":26}},"26":{"start":{"line":27,"column":0},"end":{"line":27,"column":15}},"27":{"start":{"line":28,"column":0},"end":{"line":28,"column":4}},"28":{"start":{"line":29,"column":0},"end":{"line":29,"column":3}},"35":{"start":{"line":36,"column":0},"end":{"line":36,"column":31}},"36":{"start":{"line":37,"column":0},"end":{"line":37,"column":5}},"37":{"start":{"line":38,"column":0},"end":{"line":38,"column":8}},"38":{"start":{"line":39,"column":0},"end":{"line":39,"column":7}},"39":{"start":{"line":40,"column":0},"end":{"line":40,"column":14}},"40":{"start":{"line":41,"column":0},"end":{"line":41,"column":13}},"41":{"start":{"line":42,"column":0},"end":{"line":42,"column":10}},"42":{"start":{"line":43,"column":0},"end":{"line":43,"column":24}},"43":{"start":{"line":44,"column":0},"end":{"line":44,"column":10}},"44":{"start":{"line":45,"column":0},"end":{"line":45,"column":67}},"45":{"start":{"line":46,"column":0},"end":{"line":46,"column":11}},"46":{"start":{"line":47,"column":0},"end":{"line":47,"column":61}},"47":{"start":{"line":48,"column":0},"end":{"line":48,"column":57}},"48":{"start":{"line":49,"column":0},"end":{"line":49,"column":17}},"49":{"start":{"line":50,"column":0},"end":{"line":50,"column":17}},"50":{"start":{"line":51,"column":0},"end":{"line":51,"column":12}},"51":{"start":{"line":52,"column":0},"end":{"line":52,"column":11}},"52":{"start":{"line":53,"column":0},"end":{"line":53,"column":71}},"53":{"start":{"line":54,"column":0},"end":{"line":54,"column":12}},"54":{"start":{"line":55,"column":0},"end":{"line":55,"column":12}},"56":{"start":{"line":57,"column":0},"end":{"line":57,"column":1}}},"s":{"1":0,"2":0,"3":0,"4":0,"5":0,"10":0,"11":0,"12":0,"13":0,"14":0,"15":0,"16":0,"17":0,"18":0,"19":0,"20":0,"21":0,"22":0,"23":0,"24":0,"25":0,"26":0,"27":0,"28":0,"35":0,"36":0,"37":0,"38":0,"39":0,"40":0,"41":0,"42":0,"43":0,"44":0,"45":0,"46":0,"47":0,"48":0,"49":0,"50":0,"51":0,"52":0,"53":0,"54":0,"56":0},"branchMap":{"0":{"type":"branch","line":1,"loc":{"start":{"line":1,"column":1856},"end":{"line":57,"column":1}},"locations":[{"start":{"line":1,"column":1856},"end":{"line":57,"column":1}}]}},"b":{"0":[1]},"fnMap":{"0":{"name":"(empty-report)","decl":{"start":{"line":1,"column":1856},"end":{"line":57,"column":1}},"loc":{"start":{"line":1,"column":1856},"end":{"line":57,"column":1}},"line":1}},"f":{"0":1}}
,"/home/runner/work/anja-ui/anja-ui/src/components/molecules/ComboBoxField/ComboBoxField.tsx": {"path":"/home/runner/work/anja-ui/anja-ui/src/components/molecules/ComboBoxField/ComboBoxField.tsx","all":false,"statementMap":{"0":{"start":{"line":1,"column":0},"end":{"line":1,"column":8}},"6":{"start":{"line":7,"column":0},"end":{"line":7,"column":66}},"7":{"start":{"line":8,"column":0},"end":{"line":8,"column":41}},"8":{"start":{"line":9,"column":0},"end":{"line":9,"column":8}},"14":{"start":{"line":15,"column":0},"end":{"line":15,"column":59}},"15":{"start":{"line":16,"column":0},"end":{"line":16,"column":48}},"16":{"start":{"line":17,"column":0},"end":{"line":17,"column":58}},"17":{"start":{"line":18,"column":0},"end":{"line":18,"column":42}},"19":{"start":{"line":20,"column":0},"end":{"line":20,"column":40}},"20":{"start":{"line":21,"column":0},"end":{"line":21,"column":13}},"21":{"start":{"line":22,"column":0},"end":{"line":22,"column":55}},"22":{"start":{"line":23,"column":0},"end":{"line":23,"column":43}},"23":{"start":{"line":24,"column":0},"end":{"line":24,"column":4}},"24":{"start":{"line":25,"column":0},"end":{"line":25,"column":55}},"25":{"start":{"line":26,"column":0},"end":{"line":26,"column":3}},"27":{"start":{"line":28,"column":0},"end":{"line":28,"column":33}},"28":{"start":{"line":29,"column":0},"end":{"line":29,"column":13}},"29":{"start":{"line":30,"column":0},"end":{"line":30,"column":14}},"30":{"start":{"line":31,"column":0},"end":{"line":31,"column":15}},"31":{"start":{"line":32,"column":0},"end":{"line":32,"column":74}},"34":{"start":{"line":35,"column":0},"end":{"line":35,"column":22}},"35":{"start":{"line":36,"column":0},"end":{"line":36,"column":6}},"36":{"start":{"line":37,"column":0},"end":{"line":37,"column":43}},"37":{"start":{"line":38,"column":0},"end":{"line":38,"column":4}},"38":{"start":{"line":39,"column":0},"end":{"line":39,"column":21}},"39":{"start":{"line":40,"column":0},"end":{"line":40,"column":5}},"40":{"start":{"line":41,"column":0},"end":{"line":41,"column":26}},"41":{"start":{"line":42,"column":0},"end":{"line":42,"column":17}},"42":{"start":{"line":43,"column":0},"end":{"line":43,"column":14}},"49":{"start":{"line":50,"column":0},"end":{"line":50,"column":6}},"50":{"start":{"line":51,"column":0},"end":{"line":51,"column":5}},"51":{"start":{"line":52,"column":0},"end":{"line":52,"column":26}},"52":{"start":{"line":53,"column":0},"end":{"line":53,"column":17}},"53":{"start":{"line":54,"column":0},"end":{"line":54,"column":14}},"60":{"start":{"line":61,"column":0},"end":{"line":61,"column":6}},"61":{"start":{"line":62,"column":0},"end":{"line":62,"column":5}},"62":{"start":{"line":63,"column":0},"end":{"line":63,"column":26}},"63":{"start":{"line":64,"column":0},"end":{"line":64,"column":17}},"64":{"start":{"line":65,"column":0},"end":{"line":65,"column":14}},"71":{"start":{"line":72,"column":0},"end":{"line":72,"column":6}},"72":{"start":{"line":73,"column":0},"end":{"line":73,"column":4}},"73":{"start":{"line":74,"column":0},"end":{"line":74,"column":55}},"74":{"start":{"line":75,"column":0},"end":{"line":75,"column":3}},"76":{"start":{"line":77,"column":0},"end":{"line":77,"column":34}},"77":{"start":{"line":78,"column":0},"end":{"line":78,"column":98}},"78":{"start":{"line":79,"column":0},"end":{"line":79,"column":3}},"79":{"start":{"line":80,"column":0},"end":{"line":80,"column":15}},"80":{"start":{"line":81,"column":0},"end":{"line":81,"column":16}},"81":{"start":{"line":82,"column":0},"end":{"line":82,"column":25}},"82":{"start":{"line":83,"column":0},"end":{"line":83,"column":26}},"83":{"start":{"line":84,"column":0},"end":{"line":84,"column":8}},"84":{"start":{"line":85,"column":0},"end":{"line":85,"column":13}},"85":{"start":{"line":86,"column":0},"end":{"line":86,"column":46}},"86":{"start":{"line":87,"column":0},"end":{"line":87,"column":46}},"87":{"start":{"line":88,"column":0},"end":{"line":88,"column":46}},"88":{"start":{"line":89,"column":0},"end":{"line":89,"column":8}},"89":{"start":{"line":90,"column":0},"end":{"line":90,"column":6}},"90":{"start":{"line":91,"column":0},"end":{"line":91,"column":23}},"91":{"start":{"line":92,"column":0},"end":{"line":92,"column":7}},"92":{"start":{"line":93,"column":0},"end":{"line":93,"column":28}},"93":{"start":{"line":94,"column":0},"end":{"line":94,"column":19}},"94":{"start":{"line":95,"column":0},"end":{"line":95,"column":22}},"95":{"start":{"line":96,"column":0},"end":{"line":96,"column":8}},"96":{"start":{"line":97,"column":0},"end":{"line":97,"column":7}},"97":{"start":{"line":98,"column":0},"end":{"line":98,"column":28}},"98":{"start":{"line":99,"column":0},"end":{"line":99,"column":19}},"99":{"start":{"line":100,"column":0},"end":{"line":100,"column":22}},"100":{"start":{"line":101,"column":0},"end":{"line":101,"column":8}},"101":{"start":{"line":102,"column":0},"end":{"line":102,"column":7}},"102":{"start":{"line":103,"column":0},"end":{"line":103,"column":28}},"103":{"start":{"line":104,"column":0},"end":{"line":104,"column":19}},"104":{"start":{"line":105,"column":0},"end":{"line":105,"column":22}},"105":{"start":{"line":106,"column":0},"end":{"line":106,"column":8}},"106":{"start":{"line":107,"column":0},"end":{"line":107,"column":6}},"107":{"start":{"line":108,"column":0},"end":{"line":108,"column":3}},"108":{"start":{"line":109,"column":0},"end":{"line":109,"column":2}},"110":{"start":{"line":111,"column":0},"end":{"line":111,"column":33}},"111":{"start":{"line":112,"column":0},"end":{"line":112,"column":55}},"114":{"start":{"line":115,"column":0},"end":{"line":115,"column":3}},"115":{"start":{"line":116,"column":0},"end":{"line":116,"column":74}},"116":{"start":{"line":117,"column":0},"end":{"line":117,"column":36}},"117":{"start":{"line":118,"column":0},"end":{"line":118,"column":3}},"118":{"start":{"line":119,"column":0},"end":{"line":119,"column":2}},"120":{"start":{"line":121,"column":0},"end":{"line":121,"column":31}},"121":{"start":{"line":122,"column":0},"end":{"line":122,"column":36}},"124":{"start":{"line":125,"column":0},"end":{"line":125,"column":3}},"125":{"start":{"line":126,"column":0},"end":{"line":126,"column":74}},"126":{"start":{"line":127,"column":0},"end":{"line":127,"column":36}},"127":{"start":{"line":128,"column":0},"end":{"line":128,"column":3}},"128":{"start":{"line":129,"column":0},"end":{"line":129,"column":2}},"179":{"start":{"line":180,"column":0},"end":{"line":180,"column":31}},"180":{"start":{"line":181,"column":0},"end":{"line":181,"column":5}},"181":{"start":{"line":182,"column":0},"end":{"line":182,"column":8}},"182":{"start":{"line":183,"column":0},"end":{"line":183,"column":23}},"183":{"start":{"line":184,"column":0},"end":{"line":184,"column":14}},"184":{"start":{"line":185,"column":0},"end":{"line":185,"column":8}},"185":{"start":{"line":186,"column":0},"end":{"line":186,"column":8}},"186":{"start":{"line":187,"column":0},"end":{"line":187,"column":11}},"187":{"start":{"line":188,"column":0},"end":{"line":188,"column":15}},"188":{"start":{"line":189,"column":0},"end":{"line":189,"column":36}},"189":{"start":{"line":190,"column":0},"end":{"line":190,"column":8}},"190":{"start":{"line":191,"column":0},"end":{"line":191,"column":7}},"191":{"start":{"line":192,"column":0},"end":{"line":192,"column":15}},"192":{"start":{"line":193,"column":0},"end":{"line":193,"column":46}},"193":{"start":{"line":194,"column":0},"end":{"line":194,"column":21}},"194":{"start":{"line":195,"column":0},"end":{"line":195,"column":12}},"195":{"start":{"line":196,"column":0},"end":{"line":196,"column":13}},"196":{"start":{"line":197,"column":0},"end":{"line":197,"column":22}},"197":{"start":{"line":198,"column":0},"end":{"line":198,"column":19}},"198":{"start":{"line":199,"column":0},"end":{"line":199,"column":24}},"199":{"start":{"line":200,"column":0},"end":{"line":200,"column":41}},"201":{"start":{"line":202,"column":0},"end":{"line":202,"column":34}},"202":{"start":{"line":203,"column":0},"end":{"line":203,"column":29}},"203":{"start":{"line":204,"column":0},"end":{"line":204,"column":56}},"204":{"start":{"line":205,"column":0},"end":{"line":205,"column":52}},"205":{"start":{"line":206,"column":0},"end":{"line":206,"column":55}},"206":{"start":{"line":207,"column":0},"end":{"line":207,"column":35}},"208":{"start":{"line":209,"column":0},"end":{"line":209,"column":44}},"210":{"start":{"line":211,"column":0},"end":{"line":211,"column":57}},"211":{"start":{"line":212,"column":0},"end":{"line":212,"column":79}},"213":{"start":{"line":214,"column":0},"end":{"line":214,"column":20}},"214":{"start":{"line":215,"column":0},"end":{"line":215,"column":79}},"215":{"start":{"line":216,"column":0},"end":{"line":216,"column":69}},"216":{"start":{"line":217,"column":0},"end":{"line":217,"column":10}},"217":{"start":{"line":218,"column":0},"end":{"line":218,"column":8}},"218":{"start":{"line":219,"column":0},"end":{"line":219,"column":77}},"220":{"start":{"line":221,"column":0},"end":{"line":221,"column":30}},"221":{"start":{"line":222,"column":0},"end":{"line":222,"column":29}},"222":{"start":{"line":223,"column":0},"end":{"line":223,"column":27}},"223":{"start":{"line":224,"column":0},"end":{"line":224,"column":31}},"224":{"start":{"line":225,"column":0},"end":{"line":225,"column":36}},"225":{"start":{"line":226,"column":0},"end":{"line":226,"column":44}},"226":{"start":{"line":227,"column":0},"end":{"line":227,"column":29}},"228":{"start":{"line":229,"column":0},"end":{"line":229,"column":22}},"229":{"start":{"line":230,"column":0},"end":{"line":230,"column":20}},"230":{"start":{"line":231,"column":0},"end":{"line":231,"column":17}},"231":{"start":{"line":232,"column":0},"end":{"line":232,"column":32}},"232":{"start":{"line":233,"column":0},"end":{"line":233,"column":54}},"233":{"start":{"line":234,"column":0},"end":{"line":234,"column":37}},"234":{"start":{"line":235,"column":0},"end":{"line":235,"column":52}},"235":{"start":{"line":236,"column":0},"end":{"line":236,"column":28}},"236":{"start":{"line":237,"column":0},"end":{"line":237,"column":29}},"237":{"start":{"line":238,"column":0},"end":{"line":238,"column":35}},"238":{"start":{"line":239,"column":0},"end":{"line":239,"column":19}},"239":{"start":{"line":240,"column":0},"end":{"line":240,"column":22}},"240":{"start":{"line":241,"column":0},"end":{"line":241,"column":14}},"241":{"start":{"line":242,"column":0},"end":{"line":242,"column":12}},"242":{"start":{"line":243,"column":0},"end":{"line":243,"column":25}},"243":{"start":{"line":244,"column":0},"end":{"line":244,"column":10}},"245":{"start":{"line":246,"column":0},"end":{"line":246,"column":19}},"246":{"start":{"line":247,"column":0},"end":{"line":247,"column":16}},"247":{"start":{"line":248,"column":0},"end":{"line":248,"column":24}},"248":{"start":{"line":249,"column":0},"end":{"line":249,"column":31}},"249":{"start":{"line":250,"column":0},"end":{"line":250,"column":47}},"250":{"start":{"line":251,"column":0},"end":{"line":251,"column":37}},"251":{"start":{"line":252,"column":0},"end":{"line":252,"column":14}},"253":{"start":{"line":254,"column":0},"end":{"line":254,"column":19}},"254":{"start":{"line":255,"column":0},"end":{"line":255,"column":18}},"257":{"start":{"line":258,"column":0},"end":{"line":258,"column":24}},"258":{"start":{"line":259,"column":0},"end":{"line":259,"column":25}},"259":{"start":{"line":260,"column":0},"end":{"line":260,"column":52}},"261":{"start":{"line":262,"column":0},"end":{"line":262,"column":25}},"262":{"start":{"line":263,"column":0},"end":{"line":263,"column":29}},"263":{"start":{"line":264,"column":0},"end":{"line":264,"column":22}},"264":{"start":{"line":265,"column":0},"end":{"line":265,"column":31}},"265":{"start":{"line":266,"column":0},"end":{"line":266,"column":36}},"266":{"start":{"line":267,"column":0},"end":{"line":267,"column":32}},"267":{"start":{"line":268,"column":0},"end":{"line":268,"column":58}},"269":{"start":{"line":270,"column":0},"end":{"line":270,"column":55}},"270":{"start":{"line":271,"column":0},"end":{"line":271,"column":22}},"271":{"start":{"line":272,"column":0},"end":{"line":272,"column":35}},"272":{"start":{"line":273,"column":0},"end":{"line":273,"column":77}},"273":{"start":{"line":274,"column":0},"end":{"line":274,"column":43}},"274":{"start":{"line":275,"column":0},"end":{"line":275,"column":23}},"276":{"start":{"line":277,"column":0},"end":{"line":277,"column":33}},"278":{"start":{"line":279,"column":0},"end":{"line":279,"column":13}},"279":{"start":{"line":280,"column":0},"end":{"line":280,"column":39}},"280":{"start":{"line":281,"column":0},"end":{"line":281,"column":75}},"282":{"start":{"line":283,"column":0},"end":{"line":283,"column":38}},"283":{"start":{"line":284,"column":0},"end":{"line":284,"column":29}},"284":{"start":{"line":285,"column":0},"end":{"line":285,"column":34}},"285":{"start":{"line":286,"column":0},"end":{"line":286,"column":30}},"286":{"start":{"line":287,"column":0},"end":{"line":287,"column":56}},"288":{"start":{"line":289,"column":0},"end":{"line":289,"column":53}},"289":{"start":{"line":290,"column":0},"end":{"line":290,"column":20}},"290":{"start":{"line":291,"column":0},"end":{"line":291,"column":33}},"291":{"start":{"line":292,"column":0},"end":{"line":292,"column":75}},"292":{"start":{"line":293,"column":0},"end":{"line":293,"column":41}},"293":{"start":{"line":294,"column":0},"end":{"line":294,"column":21}},"295":{"start":{"line":296,"column":0},"end":{"line":296,"column":31}},"296":{"start":{"line":297,"column":0},"end":{"line":297,"column":14}},"298":{"start":{"line":299,"column":0},"end":{"line":299,"column":26}},"299":{"start":{"line":300,"column":0},"end":{"line":300,"column":17}},"301":{"start":{"line":302,"column":0},"end":{"line":302,"column":26}},"302":{"start":{"line":303,"column":0},"end":{"line":303,"column":74}},"303":{"start":{"line":304,"column":0},"end":{"line":304,"column":16}},"304":{"start":{"line":305,"column":0},"end":{"line":305,"column":21}},"306":{"start":{"line":307,"column":0},"end":{"line":307,"column":17}},"307":{"start":{"line":308,"column":0},"end":{"line":308,"column":71}},"308":{"start":{"line":309,"column":0},"end":{"line":309,"column":17}},"309":{"start":{"line":310,"column":0},"end":{"line":310,"column":21}},"311":{"start":{"line":312,"column":0},"end":{"line":312,"column":10}},"313":{"start":{"line":314,"column":0},"end":{"line":314,"column":1}}},"s":{"0":1,"6":1,"7":1,"8":1,"14":1,"15":1,"16":1,"17":1,"19":1,"20":1,"21":1,"22":1,"23":1,"24":1,"25":1,"27":1,"28":1,"29":1,"30":1,"31":1,"34":1,"35":1,"36":1,"37":1,"38":1,"39":1,"40":1,"41":1,"42":1,"49":1,"50":1,"51":1,"52":1,"53":1,"60":1,"61":1,"62":1,"63":1,"64":1,"71":1,"72":1,"73":1,"74":1,"76":1,"77":1,"78":1,"79":1,"80":1,"81":1,"82":1,"83":1,"84":1,"85":1,"86":1,"87":1,"88":1,"89":1,"90":1,"91":1,"92":1,"93":1,"94":1,"95":1,"96":1,"97":1,"98":1,"99":1,"100":1,"101":1,"102":1,"103":1,"104":1,"105":1,"106":1,"107":1,"108":1,"110":1,"111":1,"114":1,"115":1,"116":1,"117":1,"118":1,"120":1,"121":1,"124":1,"125":1,"126":1,"127":1,"128":1,"179":1,"180":33,"181":33,"182":33,"183":33,"184":33,"185":33,"186":33,"187":33,"188":33,"189":33,"190":33,"191":33,"192":33,"193":33,"194":33,"195":33,"196":33,"197":33,"198":33,"199":33,"201":33,"202":32,"203":30,"204":13,"205":13,"206":33,"208":33,"210":33,"211":31,"213":33,"214":33,"215":33,"216":33,"217":33,"218":33,"220":33,"221":33,"222":33,"223":33,"224":33,"225":33,"226":33,"228":33,"229":33,"230":33,"231":33,"232":33,"233":33,"234":33,"235":33,"236":33,"237":33,"238":33,"239":33,"240":33,"241":33,"242":33,"243":33,"245":33,"246":33,"247":33,"248":33,"249":33,"250":33,"251":33,"253":33,"254":33,"257":33,"258":33,"259":33,"261":33,"262":8,"263":2,"264":2,"265":2,"266":2,"267":2,"269":2,"270":2,"271":2,"272":1,"273":1,"274":2,"276":2,"278":2,"279":25,"280":5,"282":20,"283":52,"284":52,"285":52,"286":52,"288":52,"289":36,"290":36,"291":4,"292":32,"293":36,"295":52,"296":20,"298":33,"299":33,"301":33,"302":1,"303":1,"304":1,"306":33,"307":1,"308":1,"309":1,"311":33,"313":33},"branchMap":{"0":{"type":"branch","line":180,"loc":{"start":{"line":180,"column":7},"end":{"line":314,"column":1}},"locations":[{"start":{"line":180,"column":7},"end":{"line":314,"column":1}}]},"1":{"type":"branch","line":215,"loc":{"start":{"line":215,"column":4},"end":{"line":215,"column":79}},"locations":[{"start":{"line":215,"column":4},"end":{"line":215,"column":79}}]},"2":{"type":"branch","line":215,"loc":{"start":{"line":215,"column":20},"end":{"line":215,"column":73}},"locations":[{"start":{"line":215,"column":20},"end":{"line":215,"column":73}}]},"3":{"type":"branch","line":215,"loc":{"start":{"line":215,"column":54},"end":{"line":215,"column":79}},"locations":[{"start":{"line":215,"column":54},"end":{"line":215,"column":79}}]},"4":{"type":"branch","line":216,"loc":{"start":{"line":216,"column":22},"end":{"line":216,"column":59}},"locations":[{"start":{"line":216,"column":22},"end":{"line":216,"column":59}}]},"5":{"type":"branch","line":216,"loc":{"start":{"line":216,"column":55},"end":{"line":216,"column":69}},"locations":[{"start":{"line":216,"column":55},"end":{"line":216,"column":69}}]},"6":{"type":"branch","line":222,"loc":{"start":{"line":222,"column":15},"end":{"line":222,"column":29}},"locations":[{"start":{"line":222,"column":15},"end":{"line":222,"column":29}}]},"7":{"type":"branch","line":233,"loc":{"start":{"line":233,"column":23},"end":{"line":233,"column":42}},"locations":[{"start":{"line":233,"column":23},"end":{"line":233,"column":42}}]},"8":{"type":"branch","line":233,"loc":{"start":{"line":233,"column":36},"end":{"line":233,"column":54}},"locations":[{"start":{"line":233,"column":36},"end":{"line":233,"column":54}}]},"9":{"type":"branch","line":251,"loc":{"start":{"line":251,"column":15},"end":{"line":251,"column":37}},"locations":[{"start":{"line":251,"column":15},"end":{"line":251,"column":37}}]},"10":{"type":"branch","line":262,"loc":{"start":{"line":262,"column":11},"end":{"line":279,"column":13}},"locations":[{"start":{"line":262,"column":11},"end":{"line":279,"column":13}}]},"11":{"type":"branch","line":279,"loc":{"start":{"line":279,"column":12},"end":{"line":297,"column":14}},"locations":[{"start":{"line":279,"column":12},"end":{"line":297,"column":14}}]},"12":{"type":"branch","line":280,"loc":{"start":{"line":280,"column":34},"end":{"line":281,"column":75}},"locations":[{"start":{"line":280,"column":34},"end":{"line":281,"column":75}}]},"13":{"type":"branch","line":281,"loc":{"start":{"line":281,"column":69},"end":{"line":297,"column":14}},"locations":[{"start":{"line":281,"column":69},"end":{"line":297,"column":14}}]},"14":{"type":"branch","line":302,"loc":{"start":{"line":302,"column":7},"end":{"line":302,"column":26}},"locations":[{"start":{"line":302,"column":7},"end":{"line":302,"column":26}}]},"15":{"type":"branch","line":302,"loc":{"start":{"line":302,"column":16},"end":{"line":305,"column":21}},"locations":[{"start":{"line":302,"column":16},"end":{"line":305,"column":21}}]},"16":{"type":"branch","line":307,"loc":{"start":{"line":307,"column":7},"end":{"line":310,"column":21}},"locations":[{"start":{"line":307,"column":7},"end":{"line":310,"column":21}}]},"17":{"type":"branch","line":193,"loc":{"start":{"line":193,"column":13},"end":{"line":193,"column":46}},"locations":[{"start":{"line":193,"column":13},"end":{"line":193,"column":46}}]},"18":{"type":"branch","line":202,"loc":{"start":{"line":202,"column":27},"end":{"line":207,"column":5}},"locations":[{"start":{"line":202,"column":27},"end":{"line":207,"column":5}}]},"19":{"type":"branch","line":203,"loc":{"start":{"line":203,"column":16},"end":{"line":203,"column":29}},"locations":[{"start":{"line":203,"column":16},"end":{"line":203,"column":29}}]},"20":{"type":"branch","line":203,"loc":{"start":{"line":203,"column":23},"end":{"line":206,"column":55}},"locations":[{"start":{"line":203,"column":23},"end":{"line":206,"column":55}}]},"21":{"type":"branch","line":203,"loc":{"start":{"line":203,"column":23},"end":{"line":204,"column":29}},"locations":[{"start":{"line":203,"column":23},"end":{"line":204,"column":29}}]},"22":{"type":"branch","line":204,"loc":{"start":{"line":204,"column":22},"end":{"line":204,"column":56}},"locations":[{"start":{"line":204,"column":22},"end":{"line":204,"column":56}}]},"23":{"type":"branch","line":204,"loc":{"start":{"line":204,"column":54},"end":{"line":206,"column":55}},"locations":[{"start":{"line":204,"column":54},"end":{"line":206,"column":55}}]},"24":{"type":"branch","line":206,"loc":{"start":{"line":206,"column":24},"end":{"line":206,"column":53}},"locations":[{"start":{"line":206,"column":24},"end":{"line":206,"column":53}}]},"25":{"type":"branch","line":211,"loc":{"start":{"line":211,"column":23},"end":{"line":212,"column":79}},"locations":[{"start":{"line":211,"column":23},"end":{"line":212,"column":79}}]},"26":{"type":"branch","line":212,"loc":{"start":{"line":212,"column":21},"end":{"line":212,"column":62}},"locations":[{"start":{"line":212,"column":21},"end":{"line":212,"column":62}}]},"27":{"type":"branch","line":212,"loc":{"start":{"line":212,"column":62},"end":{"line":212,"column":76}},"locations":[{"start":{"line":212,"column":62},"end":{"line":212,"column":76}}]},"28":{"type":"branch","line":212,"loc":{"start":{"line":212,"column":67},"end":{"line":212,"column":79}},"locations":[{"start":{"line":212,"column":67},"end":{"line":212,"column":79}}]},"29":{"type":"branch","line":225,"loc":{"start":{"line":225,"column":17},"end":{"line":225,"column":36}},"locations":[{"start":{"line":225,"column":17},"end":{"line":225,"column":36}}]},"30":{"type":"branch","line":226,"loc":{"start":{"line":226,"column":12},"end":{"line":226,"column":44}},"locations":[{"start":{"line":226,"column":12},"end":{"line":226,"column":44}}]},"31":{"type":"branch","line":226,"loc":{"start":{"line":226,"column":22},"end":{"line":226,"column":35}},"locations":[{"start":{"line":226,"column":22},"end":{"line":226,"column":35}}]},"32":{"type":"branch","line":235,"loc":{"start":{"line":235,"column":20},"end":{"line":235,"column":52}},"locations":[{"start":{"line":235,"column":20},"end":{"line":235,"column":52}}]},"33":{"type":"branch","line":263,"loc":{"start":{"line":263,"column":12},"end":{"line":279,"column":13}},"locations":[{"start":{"line":263,"column":12},"end":{"line":279,"column":13}}]},"34":{"type":"branch","line":270,"loc":{"start":{"line":270,"column":19},"end":{"line":275,"column":23}},"locations":[{"start":{"line":270,"column":19},"end":{"line":275,"column":23}}]},"35":{"type":"branch","line":272,"loc":{"start":{"line":272,"column":23},"end":{"line":273,"column":77}},"locations":[{"start":{"line":272,"column":23},"end":{"line":273,"column":77}}]},"36":{"type":"branch","line":273,"loc":{"start":{"line":273,"column":76},"end":{"line":274,"column":43}},"locations":[{"start":{"line":273,"column":76},"end":{"line":274,"column":43}}]},"37":{"type":"branch","line":283,"loc":{"start":{"line":283,"column":25},"end":{"line":296,"column":31}},"locations":[{"start":{"line":283,"column":25},"end":{"line":296,"column":31}}]},"38":{"type":"branch","line":289,"loc":{"start":{"line":289,"column":17},"end":{"line":294,"column":21}},"locations":[{"start":{"line":289,"column":17},"end":{"line":294,"column":21}}]},"39":{"type":"branch","line":291,"loc":{"start":{"line":291,"column":21},"end":{"line":292,"column":75}},"locations":[{"start":{"line":291,"column":21},"end":{"line":292,"column":75}}]},"40":{"type":"branch","line":292,"loc":{"start":{"line":292,"column":74},"end":{"line":293,"column":41}},"locations":[{"start":{"line":292,"column":74},"end":{"line":293,"column":41}}]}},"b":{"0":[33],"1":[8],"2":[1],"3":[7],"4":[8],"5":[25],"6":[28],"7":[32],"8":[1],"9":[1],"10":[8],"11":[25],"12":[5],"13":[20],"14":[1],"15":[1],"16":[1],"17":[33],"18":[32],"19":[18],"20":[30],"21":[14],"22":[1],"23":[13],"24":[39],"25":[31],"26":[0],"27":[5],"28":[26],"29":[8],"30":[83],"31":[33],"32":[14],"33":[2],"34":[2],"35":[1],"36":[1],"37":[52],"38":[36],"39":[4],"40":[32]},"fnMap":{"0":{"name":"ComboboxField","decl":{"start":{"line":180,"column":7},"end":{"line":314,"column":1}},"loc":{"start":{"line":180,"column":7},"end":{"line":314,"column":1}},"line":180},"1":{"name":"getLabel","decl":{"start":{"line":193,"column":13},"end":{"line":193,"column":46}},"loc":{"start":{"line":193,"column":13},"end":{"line":193,"column":46}},"line":193},"2":{"name":"displayValue","decl":{"start":{"line":211,"column":23},"end":{"line":212,"column":79}},"loc":{"start":{"line":211,"column":23},"end":{"line":212,"column":79}},"line":211},"3":{"name":"onClose","decl":{"start":{"line":225,"column":17},"end":{"line":225,"column":36}},"loc":{"start":{"line":225,"column":17},"end":{"line":225,"column":36}},"line":225},"4":{"name":"by","decl":{"start":{"line":226,"column":12},"end":{"line":226,"column":44}},"loc":{"start":{"line":226,"column":12},"end":{"line":226,"column":44}},"line":226},"5":{"name":"onChange","decl":{"start":{"line":235,"column":20},"end":{"line":235,"column":52}},"loc":{"start":{"line":235,"column":20},"end":{"line":235,"column":52}},"line":235},"6":{"name":"ComboboxField.children.children.children.useVirtual.className","decl":{"start":{"line":263,"column":12},"end":{"line":279,"column":13}},"loc":{"start":{"line":263,"column":12},"end":{"line":279,"column":13}},"line":263},"7":{"name":"children","decl":{"start":{"line":270,"column":19},"end":{"line":275,"column":23}},"loc":{"start":{"line":270,"column":19},"end":{"line":275,"column":23}},"line":270},"8":{"name":"children","decl":{"start":{"line":289,"column":17},"end":{"line":294,"column":21}},"loc":{"start":{"line":289,"column":17},"end":{"line":294,"column":21}},"line":289}},"f":{"0":33,"1":33,"2":31,"3":8,"4":83,"5":14,"6":2,"7":2,"8":36}}
,"/home/runner/work/anja-ui/anja-ui/src/components/molecules/TextField/TextField.tsx": {"path":"/home/runner/work/anja-ui/anja-ui/src/components/molecules/TextField/TextField.tsx","all":false,"statementMap":{"0":{"start":{"line":1,"column":0},"end":{"line":1,"column":66}},"1":{"start":{"line":2,"column":0},"end":{"line":2,"column":48}},"2":{"start":{"line":3,"column":0},"end":{"line":3,"column":48}},"3":{"start":{"line":4,"column":0},"end":{"line":4,"column":41}},"4":{"start":{"line":5,"column":0},"end":{"line":5,"column":59}},"14":{"start":{"line":15,"column":0},"end":{"line":15,"column":35}},"15":{"start":{"line":16,"column":0},"end":{"line":16,"column":13}},"16":{"start":{"line":17,"column":0},"end":{"line":17,"column":20}},"17":{"start":{"line":18,"column":0},"end":{"line":18,"column":27}},"18":{"start":{"line":19,"column":0},"end":{"line":19,"column":22}},"19":{"start":{"line":20,"column":0},"end":{"line":20,"column":6}},"20":{"start":{"line":21,"column":0},"end":{"line":21,"column":11}},"21":{"start":{"line":22,"column":0},"end":{"line":22,"column":15}},"22":{"start":{"line":23,"column":0},"end":{"line":23,"column":15}},"23":{"start":{"line":24,"column":0},"end":{"line":24,"column":15}},"24":{"start":{"line":25,"column":0},"end":{"line":25,"column":6}},"25":{"start":{"line":26,"column":0},"end":{"line":26,"column":4}},"26":{"start":{"line":27,"column":0},"end":{"line":27,"column":20}},"27":{"start":{"line":28,"column":0},"end":{"line":28,"column":15}},"28":{"start":{"line":29,"column":0},"end":{"line":29,"column":30}},"29":{"start":{"line":30,"column":0},"end":{"line":30,"column":4}},"30":{"start":{"line":31,"column":0},"end":{"line":31,"column":3}},"32":{"start":{"line":33,"column":0},"end":{"line":33,"column":33}},"33":{"start":{"line":34,"column":0},"end":{"line":34,"column":13}},"34":{"start":{"line":35,"column":0},"end":{"line":35,"column":20}},"35":{"start":{"line":36,"column":0},"end":{"line":36,"column":23}},"36":{"start":{"line":37,"column":0},"end":{"line":37,"column":22}},"37":{"start":{"line":38,"column":0},"end":{"line":38,"column":6}},"38":{"start":{"line":39,"column":0},"end":{"line":39,"column":11}},"39":{"start":{"line":40,"column":0},"end":{"line":40,"column":15}},"40":{"start":{"line":41,"column":0},"end":{"line":41,"column":15}},"41":{"start":{"line":42,"column":0},"end":{"line":42,"column":15}},"42":{"start":{"line":43,"column":0},"end":{"line":43,"column":6}},"43":{"start":{"line":44,"column":0},"end":{"line":44,"column":4}},"44":{"start":{"line":45,"column":0},"end":{"line":45,"column":21}},"45":{"start":{"line":46,"column":0},"end":{"line":46,"column":5}},"46":{"start":{"line":47,"column":0},"end":{"line":47,"column":32}},"47":{"start":{"line":48,"column":0},"end":{"line":48,"column":17}},"48":{"start":{"line":49,"column":0},"end":{"line":49,"column":20}},"49":{"start":{"line":50,"column":0},"end":{"line":50,"column":6}},"50":{"start":{"line":51,"column":0},"end":{"line":51,"column":5}},"51":{"start":{"line":52,"column":0},"end":{"line":52,"column":32}},"52":{"start":{"line":53,"column":0},"end":{"line":53,"column":17}},"53":{"start":{"line":54,"column":0},"end":{"line":54,"column":20}},"54":{"start":{"line":55,"column":0},"end":{"line":55,"column":6}},"55":{"start":{"line":56,"column":0},"end":{"line":56,"column":5}},"56":{"start":{"line":57,"column":0},"end":{"line":57,"column":32}},"57":{"start":{"line":58,"column":0},"end":{"line":58,"column":17}},"58":{"start":{"line":59,"column":0},"end":{"line":59,"column":20}},"59":{"start":{"line":60,"column":0},"end":{"line":60,"column":6}},"60":{"start":{"line":61,"column":0},"end":{"line":61,"column":4}},"61":{"start":{"line":62,"column":0},"end":{"line":62,"column":20}},"62":{"start":{"line":63,"column":0},"end":{"line":63,"column":30}},"63":{"start":{"line":64,"column":0},"end":{"line":64,"column":15}},"64":{"start":{"line":65,"column":0},"end":{"line":65,"column":4}},"65":{"start":{"line":66,"column":0},"end":{"line":66,"column":3}},"67":{"start":{"line":68,"column":0},"end":{"line":68,"column":31}},"68":{"start":{"line":69,"column":0},"end":{"line":69,"column":13}},"69":{"start":{"line":70,"column":0},"end":{"line":70,"column":20}},"70":{"start":{"line":71,"column":0},"end":{"line":71,"column":15}},"71":{"start":{"line":72,"column":0},"end":{"line":72,"column":74}},"74":{"start":{"line":75,"column":0},"end":{"line":75,"column":21}},"75":{"start":{"line":76,"column":0},"end":{"line":76,"column":22}},"76":{"start":{"line":77,"column":0},"end":{"line":77,"column":6}},"77":{"start":{"line":78,"column":0},"end":{"line":78,"column":43}},"78":{"start":{"line":79,"column":0},"end":{"line":79,"column":4}},"79":{"start":{"line":80,"column":0},"end":{"line":80,"column":21}},"80":{"start":{"line":81,"column":0},"end":{"line":81,"column":5}},"81":{"start":{"line":82,"column":0},"end":{"line":82,"column":32}},"82":{"start":{"line":83,"column":0},"end":{"line":83,"column":17}},"83":{"start":{"line":84,"column":0},"end":{"line":84,"column":14}},"90":{"start":{"line":91,"column":0},"end":{"line":91,"column":6}},"91":{"start":{"line":92,"column":0},"end":{"line":92,"column":5}},"92":{"start":{"line":93,"column":0},"end":{"line":93,"column":32}},"93":{"start":{"line":94,"column":0},"end":{"line":94,"column":17}},"94":{"start":{"line":95,"column":0},"end":{"line":95,"column":14}},"101":{"start":{"line":102,"column":0},"end":{"line":102,"column":6}},"102":{"start":{"line":103,"column":0},"end":{"line":103,"column":5}},"103":{"start":{"line":104,"column":0},"end":{"line":104,"column":32}},"104":{"start":{"line":105,"column":0},"end":{"line":105,"column":17}},"105":{"start":{"line":106,"column":0},"end":{"line":106,"column":14}},"112":{"start":{"line":113,"column":0},"end":{"line":113,"column":6}},"113":{"start":{"line":114,"column":0},"end":{"line":114,"column":4}},"114":{"start":{"line":115,"column":0},"end":{"line":115,"column":34}},"115":{"start":{"line":116,"column":0},"end":{"line":116,"column":3}},"116":{"start":{"line":117,"column":0},"end":{"line":117,"column":27}},"117":{"start":{"line":118,"column":0},"end":{"line":118,"column":7}},"118":{"start":{"line":119,"column":0},"end":{"line":119,"column":16}},"119":{"start":{"line":120,"column":0},"end":{"line":120,"column":8}},"120":{"start":{"line":121,"column":0},"end":{"line":121,"column":5}},"121":{"start":{"line":122,"column":0},"end":{"line":122,"column":8}},"122":{"start":{"line":123,"column":0},"end":{"line":123,"column":7}},"123":{"start":{"line":124,"column":0},"end":{"line":124,"column":12}},"124":{"start":{"line":125,"column":0},"end":{"line":125,"column":20}},"125":{"start":{"line":126,"column":0},"end":{"line":126,"column":66}},"127":{"start":{"line":128,"column":0},"end":{"line":128,"column":10}},"128":{"start":{"line":129,"column":0},"end":{"line":129,"column":84}},"129":{"start":{"line":130,"column":0},"end":{"line":130,"column":12}},"130":{"start":{"line":131,"column":0},"end":{"line":131,"column":15}},"131":{"start":{"line":132,"column":0},"end":{"line":132,"column":24}},"132":{"start":{"line":133,"column":0},"end":{"line":133,"column":48}},"133":{"start":{"line":134,"column":0},"end":{"line":134,"column":46}},"134":{"start":{"line":135,"column":0},"end":{"line":135,"column":58}},"135":{"start":{"line":136,"column":0},"end":{"line":136,"column":8}},"136":{"start":{"line":137,"column":0},"end":{"line":137,"column":12}},"137":{"start":{"line":138,"column":0},"end":{"line":138,"column":20}},"138":{"start":{"line":139,"column":0},"end":{"line":139,"column":27}},"139":{"start":{"line":140,"column":0},"end":{"line":140,"column":49}},"140":{"start":{"line":141,"column":0},"end":{"line":141,"column":33}},"141":{"start":{"line":142,"column":0},"end":{"line":142,"column":10}},"143":{"start":{"line":144,"column":0},"end":{"line":144,"column":15}},"144":{"start":{"line":145,"column":0},"end":{"line":145,"column":14}},"145":{"start":{"line":146,"column":0},"end":{"line":146,"column":16}},"146":{"start":{"line":147,"column":0},"end":{"line":147,"column":74}},"147":{"start":{"line":148,"column":0},"end":{"line":148,"column":16}},"148":{"start":{"line":149,"column":0},"end":{"line":149,"column":21}},"150":{"start":{"line":151,"column":0},"end":{"line":151,"column":17}},"151":{"start":{"line":152,"column":0},"end":{"line":152,"column":71}},"152":{"start":{"line":153,"column":0},"end":{"line":153,"column":17}},"153":{"start":{"line":154,"column":0},"end":{"line":154,"column":21}},"155":{"start":{"line":156,"column":0},"end":{"line":156,"column":10}},"157":{"start":{"line":158,"column":0},"end":{"line":158,"column":1}}},"s":{"0":1,"1":1,"2":1,"3":1,"4":1,"14":1,"15":1,"16":1,"17":1,"18":1,"19":1,"20":1,"21":1,"22":1,"23":1,"24":1,"25":1,"26":1,"27":1,"28":1,"29":1,"30":1,"32":1,"33":1,"34":1,"35":1,"36":1,"37":1,"38":1,"39":1,"40":1,"41":1,"42":1,"43":1,"44":1,"45":1,"46":1,"47":1,"48":1,"49":1,"50":1,"51":1,"52":1,"53":1,"54":1,"55":1,"56":1,"57":1,"58":1,"59":1,"60":1,"61":1,"62":1,"63":1,"64":1,"65":1,"67":1,"68":1,"69":1,"70":1,"71":1,"74":1,"75":1,"76":1,"77":1,"78":1,"79":1,"80":1,"81":1,"82":1,"83":1,"90":1,"91":1,"92":1,"93":1,"94":1,"101":1,"102":1,"103":1,"104":1,"105":1,"112":1,"113":1,"114":1,"115":1,"116":1,"117":7,"118":7,"119":7,"120":7,"121":7,"122":7,"123":7,"124":7,"125":7,"127":7,"128":7,"129":7,"130":7,"131":7,"132":7,"133":7,"134":7,"135":7,"136":7,"137":7,"138":7,"139":7,"140":7,"141":7,"143":7,"144":7,"145":7,"146":2,"147":2,"148":2,"150":7,"151":1,"152":1,"153":1,"155":7,"157":7},"branchMap":{"0":{"type":"branch","line":117,"loc":{"start":{"line":117,"column":7},"end":{"line":158,"column":1}},"locations":[{"start":{"line":117,"column":7},"end":{"line":158,"column":1}}]},"1":{"type":"branch","line":126,"loc":{"start":{"line":126,"column":22},"end":{"line":126,"column":55}},"locations":[{"start":{"line":126,"column":22},"end":{"line":126,"column":55}}]},"2":{"type":"branch","line":133,"loc":{"start":{"line":133,"column":20},"end":{"line":133,"column":38}},"locations":[{"start":{"line":133,"column":20},"end":{"line":133,"column":38}}]},"3":{"type":"branch","line":133,"loc":{"start":{"line":133,"column":28},"end":{"line":133,"column":48}},"locations":[{"start":{"line":133,"column":28},"end":{"line":133,"column":48}}]},"4":{"type":"branch","line":134,"loc":{"start":{"line":134,"column":21},"end":{"line":134,"column":40}},"locations":[{"start":{"line":134,"column":21},"end":{"line":134,"column":40}}]},"5":{"type":"branch","line":134,"loc":{"start":{"line":134,"column":34},"end":{"line":134,"column":46}},"locations":[{"start":{"line":134,"column":34},"end":{"line":134,"column":46}}]},"6":{"type":"branch","line":141,"loc":{"start":{"line":141,"column":11},"end":{"line":141,"column":33}},"locations":[{"start":{"line":141,"column":11},"end":{"line":141,"column":33}}]},"7":{"type":"branch","line":146,"loc":{"start":{"line":146,"column":7},"end":{"line":149,"column":21}},"locations":[{"start":{"line":146,"column":7},"end":{"line":149,"column":21}}]},"8":{"type":"branch","line":151,"loc":{"start":{"line":151,"column":7},"end":{"line":154,"column":21}},"locations":[{"start":{"line":151,"column":7},"end":{"line":154,"column":21}}]}},"b":{"0":[7],"1":[6],"2":[1],"3":[6],"4":[6],"5":[1],"6":[1],"7":[2],"8":[1]},"fnMap":{"0":{"name":"TextField","decl":{"start":{"line":117,"column":7},"end":{"line":158,"column":1}},"loc":{"start":{"line":117,"column":7},"end":{"line":158,"column":1}},"line":117}},"f":{"0":7}}
,"/home/runner/work/anja-ui/anja-ui/src/utils/ThemeContext.tsx": {"path":"/home/runner/work/anja-ui/anja-ui/src/utils/ThemeContext.tsx","all":false,"statementMap":{"0":{"start":{"line":1,"column":0},"end":{"line":1,"column":38}},"10":{"start":{"line":11,"column":0},"end":{"line":11,"column":74}}},"s":{"0":1,"10":1},"branchMap":{},"b":{},"fnMap":{},"f":{}}
,"/home/runner/work/anja-ui/anja-ui/src/utils/ThemeProvider.tsx": {"path":"/home/runner/work/anja-ui/anja-ui/src/utils/ThemeProvider.tsx","all":false,"statementMap":{"0":{"start":{"line":1,"column":0},"end":{"line":1,"column":60}},"1":{"start":{"line":2,"column":0},"end":{"line":2,"column":70}},"2":{"start":{"line":3,"column":0},"end":{"line":3,"column":8}},"12":{"start":{"line":13,"column":0},"end":{"line":13,"column":31}},"13":{"start":{"line":14,"column":0},"end":{"line":14,"column":11}},"14":{"start":{"line":15,"column":0},"end":{"line":15,"column":26}},"15":{"start":{"line":16,"column":0},"end":{"line":16,"column":35}},"16":{"start":{"line":17,"column":0},"end":{"line":17,"column":4}},"20":{"start":{"line":21,"column":0},"end":{"line":21,"column":4}},"21":{"start":{"line":22,"column":0},"end":{"line":22,"column":58}},"22":{"start":{"line":23,"column":0},"end":{"line":23,"column":70}},"24":{"start":{"line":25,"column":0},"end":{"line":25,"column":19}},"25":{"start":{"line":26,"column":0},"end":{"line":26,"column":47}},"26":{"start":{"line":27,"column":0},"end":{"line":27,"column":53}},"28":{"start":{"line":29,"column":0},"end":{"line":29,"column":19}},"30":{"start":{"line":31,"column":0},"end":{"line":31,"column":19}},"31":{"start":{"line":32,"column":0},"end":{"line":32,"column":49}},"32":{"start":{"line":33,"column":0},"end":{"line":33,"column":20}},"33":{"start":{"line":34,"column":0},"end":{"line":34,"column":65}},"34":{"start":{"line":35,"column":0},"end":{"line":35,"column":80}},"35":{"start":{"line":36,"column":0},"end":{"line":36,"column":46}},"36":{"start":{"line":37,"column":0},"end":{"line":37,"column":18}},"37":{"start":{"line":38,"column":0},"end":{"line":38,"column":51}},"38":{"start":{"line":39,"column":0},"end":{"line":39,"column":6}},"39":{"start":{"line":40,"column":0},"end":{"line":40,"column":9}},"41":{"start":{"line":42,"column":0},"end":{"line":42,"column":19}},"42":{"start":{"line":43,"column":0},"end":{"line":43,"column":78}},"43":{"start":{"line":44,"column":0},"end":{"line":44,"column":20}},"44":{"start":{"line":45,"column":0},"end":{"line":45,"column":9}},"45":{"start":{"line":46,"column":0},"end":{"line":46,"column":66}},"46":{"start":{"line":47,"column":0},"end":{"line":47,"column":51}},"47":{"start":{"line":48,"column":0},"end":{"line":48,"column":13}},"48":{"start":{"line":49,"column":0},"end":{"line":49,"column":63}},"49":{"start":{"line":50,"column":0},"end":{"line":50,"column":5}},"50":{"start":{"line":51,"column":0},"end":{"line":51,"column":38}},"52":{"start":{"line":53,"column":0},"end":{"line":53,"column":50}},"53":{"start":{"line":54,"column":0},"end":{"line":54,"column":20}},"54":{"start":{"line":55,"column":0},"end":{"line":55,"column":67}},"55":{"start":{"line":56,"column":0},"end":{"line":56,"column":12}},"56":{"start":{"line":57,"column":0},"end":{"line":57,"column":12}},"57":{"start":{"line":58,"column":0},"end":{"line":58,"column":29}},"58":{"start":{"line":59,"column":0},"end":{"line":59,"column":68}},"59":{"start":{"line":60,"column":0},"end":{"line":60,"column":19}},"60":{"start":{"line":61,"column":0},"end":{"line":61,"column":23}},"61":{"start":{"line":62,"column":0},"end":{"line":62,"column":68}},"62":{"start":{"line":63,"column":0},"end":{"line":63,"column":10}},"63":{"start":{"line":64,"column":0},"end":{"line":64,"column":6}},"64":{"start":{"line":65,"column":0},"end":{"line":65,"column":26}},"66":{"start":{"line":67,"column":0},"end":{"line":67,"column":63}},"67":{"start":{"line":68,"column":0},"end":{"line":68,"column":1}}},"s":{"0":1,"1":1,"2":1,"12":1,"13":16,"14":16,"15":16,"16":16,"20":16,"21":16,"22":16,"24":16,"25":5,"26":5,"28":16,"30":16,"31":5,"32":5,"33":4,"34":2,"35":4,"36":5,"37":4,"38":4,"39":16,"41":16,"42":15,"43":15,"44":15,"45":15,"46":6,"47":15,"48":1,"49":1,"50":16,"52":16,"53":15,"54":15,"55":15,"56":15,"57":15,"58":15,"59":15,"60":3,"61":3,"62":3,"63":15,"64":16,"66":16,"67":16},"branchMap":{"0":{"type":"branch","line":13,"loc":{"start":{"line":13,"column":7},"end":{"line":68,"column":1}},"locations":[{"start":{"line":13,"column":7},"end":{"line":68,"column":1}}]},"1":{"type":"branch","line":23,"loc":{"start":{"line":23,"column":47},"end":{"line":23,"column":68}},"locations":[{"start":{"line":23,"column":47},"end":{"line":23,"column":68}}]},"2":{"type":"branch","line":25,"loc":{"start":{"line":25,"column":12},"end":{"line":29,"column":5}},"locations":[{"start":{"line":25,"column":12},"end":{"line":29,"column":5}}]},"3":{"type":"branch","line":27,"loc":{"start":{"line":27,"column":8},"end":{"line":27,"column":36}},"locations":[{"start":{"line":27,"column":8},"end":{"line":27,"column":36}}]},"4":{"type":"branch","line":27,"loc":{"start":{"line":27,"column":36},"end":{"line":27,"column":53}},"locations":[{"start":{"line":27,"column":36},"end":{"line":27,"column":53}}]},"5":{"type":"branch","line":31,"loc":{"start":{"line":31,"column":12},"end":{"line":40,"column":5}},"locations":[{"start":{"line":31,"column":12},"end":{"line":40,"column":5}}]},"6":{"type":"branch","line":32,"loc":{"start":{"line":32,"column":22},"end":{"line":32,"column":49}},"locations":[{"start":{"line":32,"column":22},"end":{"line":32,"column":49}}]},"7":{"type":"branch","line":33,"loc":{"start":{"line":33,"column":13},"end":{"line":33,"column":20}},"locations":[{"start":{"line":33,"column":13},"end":{"line":33,"column":20}}]},"8":{"type":"branch","line":33,"loc":{"start":{"line":33,"column":13},"end":{"line":36,"column":46}},"locations":[{"start":{"line":33,"column":13},"end":{"line":36,"column":46}}]},"9":{"type":"branch","line":34,"loc":{"start":{"line":34,"column":21},"end":{"line":35,"column":80}},"locations":[{"start":{"line":34,"column":21},"end":{"line":35,"column":80}}]},"10":{"type":"branch","line":35,"loc":{"start":{"line":35,"column":33},"end":{"line":35,"column":50}},"locations":[{"start":{"line":35,"column":33},"end":{"line":35,"column":50}}]},"11":{"type":"branch","line":35,"loc":{"start":{"line":35,"column":39},"end":{"line":35,"column":78}},"locations":[{"start":{"line":35,"column":39},"end":{"line":35,"column":78}}]},"12":{"type":"branch","line":37,"loc":{"start":{"line":37,"column":11},"end":{"line":39,"column":6}},"locations":[{"start":{"line":37,"column":11},"end":{"line":39,"column":6}}]},"13":{"type":"branch","line":38,"loc":{"start":{"line":38,"column":9},"end":{"line":38,"column":51}},"locations":[{"start":{"line":38,"column":9},"end":{"line":38,"column":51}}]},"14":{"type":"branch","line":42,"loc":{"start":{"line":42,"column":12},"end":{"line":51,"column":5}},"locations":[{"start":{"line":42,"column":12},"end":{"line":51,"column":5}}]},"15":{"type":"branch","line":43,"loc":{"start":{"line":43,"column":27},"end":{"line":43,"column":72}},"locations":[{"start":{"line":43,"column":27},"end":{"line":43,"column":72}}]},"16":{"type":"branch","line":43,"loc":{"start":{"line":43,"column":39},"end":{"line":43,"column":61}},"locations":[{"start":{"line":43,"column":39},"end":{"line":43,"column":61}}]},"17":{"type":"branch","line":43,"loc":{"start":{"line":43,"column":52},"end":{"line":43,"column":72}},"locations":[{"start":{"line":43,"column":52},"end":{"line":43,"column":72}}]},"18":{"type":"branch","line":43,"loc":{"start":{"line":43,"column":61},"end":{"line":43,"column":78}},"locations":[{"start":{"line":43,"column":61},"end":{"line":43,"column":78}}]},"19":{"type":"branch","line":46,"loc":{"start":{"line":46,"column":30},"end":{"line":46,"column":66}},"locations":[{"start":{"line":46,"column":30},"end":{"line":46,"column":66}}]},"20":{"type":"branch","line":46,"loc":{"start":{"line":46,"column":64},"end":{"line":47,"column":51}},"locations":[{"start":{"line":46,"column":64},"end":{"line":47,"column":51}}]},"21":{"type":"branch","line":48,"loc":{"start":{"line":48,"column":4},"end":{"line":50,"column":5}},"locations":[{"start":{"line":48,"column":4},"end":{"line":50,"column":5}}]},"22":{"type":"branch","line":53,"loc":{"start":{"line":53,"column":43},"end":{"line":65,"column":5}},"locations":[{"start":{"line":53,"column":43},"end":{"line":65,"column":5}}]},"23":{"type":"branch","line":55,"loc":{"start":{"line":55,"column":16},"end":{"line":55,"column":61}},"locations":[{"start":{"line":55,"column":16},"end":{"line":55,"column":61}}]},"24":{"type":"branch","line":55,"loc":{"start":{"line":55,"column":28},"end":{"line":55,"column":50}},"locations":[{"start":{"line":55,"column":28},"end":{"line":55,"column":50}}]},"25":{"type":"branch","line":55,"loc":{"start":{"line":55,"column":41},"end":{"line":55,"column":61}},"locations":[{"start":{"line":55,"column":41},"end":{"line":55,"column":61}}]},"26":{"type":"branch","line":55,"loc":{"start":{"line":55,"column":50},"end":{"line":55,"column":67}},"locations":[{"start":{"line":55,"column":50},"end":{"line":55,"column":67}}]},"27":{"type":"branch","line":59,"loc":{"start":{"line":59,"column":16},"end":{"line":59,"column":68}},"locations":[{"start":{"line":59,"column":16},"end":{"line":59,"column":68}}]},"28":{"type":"branch","line":59,"loc":{"start":{"line":59,"column":47},"end":{"line":59,"column":58}},"locations":[{"start":{"line":59,"column":47},"end":{"line":59,"column":58}}]},"29":{"type":"branch","line":59,"loc":{"start":{"line":59,"column":51},"end":{"line":59,"column":66}},"locations":[{"start":{"line":59,"column":51},"end":{"line":59,"column":66}}]},"30":{"type":"branch","line":60,"loc":{"start":{"line":60,"column":14},"end":{"line":63,"column":10}},"locations":[{"start":{"line":60,"column":14},"end":{"line":63,"column":10}}]},"31":{"type":"branch","line":61,"loc":{"start":{"line":61,"column":17},"end":{"line":62,"column":68}},"locations":[{"start":{"line":61,"column":17},"end":{"line":62,"column":68}}]},"32":{"type":"branch","line":62,"loc":{"start":{"line":62,"column":16},"end":{"line":62,"column":35}},"locations":[{"start":{"line":62,"column":16},"end":{"line":62,"column":35}}]},"33":{"type":"branch","line":62,"loc":{"start":{"line":62,"column":26},"end":{"line":62,"column":68}},"locations":[{"start":{"line":62,"column":26},"end":{"line":62,"column":68}}]},"34":{"type":"branch","line":62,"loc":{"start":{"line":62,"column":41},"end":{"line":62,"column":61}},"locations":[{"start":{"line":62,"column":41},"end":{"line":62,"column":61}}]},"35":{"type":"branch","line":62,"loc":{"start":{"line":62,"column":50},"end":{"line":62,"column":68}},"locations":[{"start":{"line":62,"column":50},"end":{"line":62,"column":68}}]}},"b":{"0":[16],"1":[5],"2":[5],"3":[1],"4":[1],"5":[5],"6":[4],"7":[1],"8":[4],"9":[2],"10":[1],"11":[1],"12":[4],"13":[3],"14":[15],"15":[9],"16":[2],"17":[7],"18":[6],"19":[9],"20":[6],"21":[1],"22":[15],"23":[9],"24":[2],"25":[7],"26":[6],"27":[6],"28":[5],"29":[1],"30":[3],"31":[3],"32":[1],"33":[2],"34":[1],"35":[1]},"fnMap":{"0":{"name":"ThemeProvider","decl":{"start":{"line":13,"column":7},"end":{"line":68,"column":1}},"loc":{"start":{"line":13,"column":7},"end":{"line":68,"column":1}},"line":13},"1":{"name":"onChange","decl":{"start":{"line":34,"column":21},"end":{"line":35,"column":80}},"loc":{"start":{"line":34,"column":21},"end":{"line":35,"column":80}},"line":34},"2":{"name":"setTheme","decl":{"start":{"line":59,"column":16},"end":{"line":59,"column":68}},"loc":{"start":{"line":59,"column":16},"end":{"line":59,"column":68}},"line":59},"3":{"name":"toggle","decl":{"start":{"line":60,"column":14},"end":{"line":63,"column":10}},"loc":{"start":{"line":60,"column":14},"end":{"line":63,"column":10}},"line":60}},"f":{"0":16,"1":2,"2":6,"3":3}}
,"/home/runner/work/anja-ui/anja-ui/src/utils/escapeRegex.ts": {"path":"/home/runner/work/anja-ui/anja-ui/src/utils/escapeRegex.ts","all":false,"statementMap":{"0":{"start":{"line":1,"column":0},"end":{"line":1,"column":84}}},"s":{"0":1},"branchMap":{"0":{"type":"branch","line":1,"loc":{"start":{"line":1,"column":28},"end":{"line":1,"column":84}},"locations":[{"start":{"line":1,"column":28},"end":{"line":1,"column":84}}]}},"b":{"0":[13]},"fnMap":{"0":{"name":"escapeRegExp","decl":{"start":{"line":1,"column":28},"end":{"line":1,"column":84}},"loc":{"start":{"line":1,"column":28},"end":{"line":1,"column":84}},"line":1}},"f":{"0":13}}
,"/home/runner/work/anja-ui/anja-ui/src/utils/themeHelpers.ts": {"path":"/home/runner/work/anja-ui/anja-ui/src/utils/themeHelpers.ts","all":false,"statementMap":{"1":{"start":{"line":2,"column":0},"end":{"line":2,"column":51}},"2":{"start":{"line":3,"column":0},"end":{"line":3,"column":59}},"4":{"start":{"line":5,"column":0},"end":{"line":5,"column":50}},"5":{"start":{"line":6,"column":0},"end":{"line":6,"column":50}},"7":{"start":{"line":8,"column":0},"end":{"line":8,"column":63}},"8":{"start":{"line":9,"column":0},"end":{"line":9,"column":7}},"9":{"start":{"line":10,"column":0},"end":{"line":10,"column":42}},"10":{"start":{"line":11,"column":0},"end":{"line":11,"column":37}},"11":{"start":{"line":12,"column":0},"end":{"line":12,"column":11}},"12":{"start":{"line":13,"column":0},"end":{"line":13,"column":16}},"13":{"start":{"line":14,"column":0},"end":{"line":14,"column":3}},"14":{"start":{"line":15,"column":0},"end":{"line":15,"column":2}},"16":{"start":{"line":17,"column":0},"end":{"line":17,"column":45}},"17":{"start":{"line":18,"column":0},"end":{"line":18,"column":7}},"18":{"start":{"line":19,"column":0},"end":{"line":19,"column":74}},"19":{"start":{"line":20,"column":0},"end":{"line":20,"column":11}},"20":{"start":{"line":21,"column":0},"end":{"line":21,"column":17}},"21":{"start":{"line":22,"column":0},"end":{"line":22,"column":3}},"22":{"start":{"line":23,"column":0},"end":{"line":23,"column":2}},"24":{"start":{"line":25,"column":0},"end":{"line":25,"column":54}},"25":{"start":{"line":26,"column":0},"end":{"line":26,"column":40}},"26":{"start":{"line":27,"column":0},"end":{"line":27,"column":49}},"27":{"start":{"line":28,"column":0},"end":{"line":28,"column":32}},"28":{"start":{"line":29,"column":0},"end":{"line":29,"column":2}}},"s":{"1":1,"2":1,"4":1,"5":19,"7":1,"8":8,"9":8,"10":8,"11":8,"12":1,"13":1,"14":8,"16":1,"17":9,"18":9,"19":9,"20":1,"21":1,"22":9,"24":1,"25":17,"26":17,"27":17,"28":17},"branchMap":{"0":{"type":"branch","line":5,"loc":{"start":{"line":5,"column":23},"end":{"line":6,"column":50}},"locations":[{"start":{"line":5,"column":23},"end":{"line":6,"column":50}}]},"1":{"type":"branch","line":6,"loc":{"start":{"line":6,"column":8},"end":{"line":6,"column":35}},"locations":[{"start":{"line":6,"column":8},"end":{"line":6,"column":35}}]},"2":{"type":"branch","line":6,"loc":{"start":{"line":6,"column":25},"end":{"line":6,"column":50}},"locations":[{"start":{"line":6,"column":25},"end":{"line":6,"column":50}}]},"3":{"type":"branch","line":8,"loc":{"start":{"line":8,"column":31},"end":{"line":15,"column":2}},"locations":[{"start":{"line":8,"column":31},"end":{"line":15,"column":2}}]},"4":{"type":"branch","line":11,"loc":{"start":{"line":11,"column":22},"end":{"line":11,"column":32}},"locations":[{"start":{"line":11,"column":22},"end":{"line":11,"column":32}}]},"5":{"type":"branch","line":11,"loc":{"start":{"line":11,"column":26},"end":{"line":11,"column":37}},"locations":[{"start":{"line":11,"column":26},"end":{"line":11,"column":37}}]},"6":{"type":"branch","line":12,"loc":{"start":{"line":12,"column":2},"end":{"line":14,"column":3}},"locations":[{"start":{"line":12,"column":2},"end":{"line":14,"column":3}}]},"7":{"type":"branch","line":17,"loc":{"start":{"line":17,"column":29},"end":{"line":23,"column":2}},"locations":[{"start":{"line":17,"column":29},"end":{"line":23,"column":2}}]},"8":{"type":"branch","line":19,"loc":{"start":{"line":19,"column":20},"end":{"line":19,"column":74}},"locations":[{"start":{"line":19,"column":20},"end":{"line":19,"column":74}}]},"9":{"type":"branch","line":20,"loc":{"start":{"line":20,"column":2},"end":{"line":22,"column":3}},"locations":[{"start":{"line":20,"column":2},"end":{"line":22,"column":3}}]},"10":{"type":"branch","line":25,"loc":{"start":{"line":25,"column":25},"end":{"line":29,"column":2}},"locations":[{"start":{"line":25,"column":25},"end":{"line":29,"column":2}}]}},"b":{"0":[19],"1":[18],"2":[12],"3":[8],"4":[2],"5":[5],"6":[1],"7":[9],"8":[7],"9":[1],"10":[17]},"fnMap":{"0":{"name":"isTheme","decl":{"start":{"line":5,"column":23},"end":{"line":6,"column":50}},"loc":{"start":{"line":5,"column":23},"end":{"line":6,"column":50}},"line":5},"1":{"name":"readStoredTheme","decl":{"start":{"line":8,"column":31},"end":{"line":15,"column":2}},"loc":{"start":{"line":8,"column":31},"end":{"line":15,"column":2}},"line":8},"2":{"name":"getSystemDark","decl":{"start":{"line":17,"column":29},"end":{"line":23,"column":2}},"loc":{"start":{"line":17,"column":29},"end":{"line":23,"column":2}},"line":17},"3":{"name":"applyMode","decl":{"start":{"line":25,"column":25},"end":{"line":29,"column":2}},"loc":{"start":{"line":25,"column":25},"end":{"line":29,"column":2}},"line":25}},"f":{"0":19,"1":8,"2":9,"3":17}}
,"/home/runner/work/anja-ui/anja-ui/src/utils/useTheme.tsx": {"path":"/home/runner/work/anja-ui/anja-ui/src/utils/useTheme.tsx","all":false,"statementMap":{"0":{"start":{"line":1,"column":0},"end":{"line":1,"column":35}},"1":{"start":{"line":2,"column":0},"end":{"line":2,"column":70}},"3":{"start":{"line":4,"column":0},"end":{"line":4,"column":47}},"4":{"start":{"line":5,"column":0},"end":{"line":5,"column":39}},"5":{"start":{"line":6,"column":0},"end":{"line":6,"column":76}},"6":{"start":{"line":7,"column":0},"end":{"line":7,"column":13}},"7":{"start":{"line":8,"column":0},"end":{"line":8,"column":1}}},"s":{"0":1,"1":1,"3":1,"4":18,"5":18,"6":15,"7":15},"branchMap":{"0":{"type":"branch","line":4,"loc":{"start":{"line":4,"column":7},"end":{"line":8,"column":1}},"locations":[{"start":{"line":4,"column":7},"end":{"line":8,"column":1}}]},"1":{"type":"branch","line":6,"loc":{"start":{"line":6,"column":12},"end":{"line":6,"column":76}},"locations":[{"start":{"line":6,"column":12},"end":{"line":6,"column":76}}]},"2":{"type":"branch","line":6,"loc":{"start":{"line":6,"column":74},"end":{"line":8,"column":1}},"locations":[{"start":{"line":6,"column":74},"end":{"line":8,"column":1}}]}},"b":{"0":[18],"1":[2],"2":[15]},"fnMap":{"0":{"name":"useTheme","decl":{"start":{"line":4,"column":7},"end":{"line":8,"column":1}},"loc":{"start":{"line":4,"column":7},"end":{"line":8,"column":1}},"line":4}},"f":{"0":18}}
}
