TN:
SF:src/components/atoms/Badge/Badge.tsx
FN:82,Badge
FNF:1
FNH:1
FNDA:9,Badge
DA:1,1
DA:3,1
DA:5,1
DA:6,1
DA:7,1
DA:8,1
DA:9,1
DA:10,1
DA:11,1
DA:16,1
DA:17,1
DA:22,1
DA:24,1
DA:25,1
DA:26,1
DA:31,1
DA:36,1
DA:37,1
DA:42,1
DA:43,1
DA:47,1
DA:48,1
DA:49,1
DA:50,1
DA:51,1
DA:52,1
DA:53,1
DA:54,1
DA:55,1
DA:56,1
DA:57,1
DA:58,1
DA:60,1
DA:61,1
DA:62,1
DA:63,1
DA:64,1
DA:65,1
DA:66,1
DA:67,1
DA:68,1
DA:69,1
DA:70,1
DA:71,1
DA:72,1
DA:73,1
DA:74,1
DA:82,1
DA:83,9
DA:84,9
DA:85,9
DA:86,9
DA:87,9
DA:88,9
DA:89,9
DA:90,9
DA:91,9
DA:92,9
DA:93,9
DA:94,9
DA:95,9
DA:96,9
DA:97,9
DA:98,9
DA:99,9
DA:100,9
DA:102,9
DA:103,1
DA:104,1
DA:105,1
DA:106,1
DA:108,1
DA:109,1
DA:111,9
DA:112,9
DA:114,9
LF:76
LH:76
BRDA:82,0,0,9
BRDA:99,1,0,1
BRDA:102,2,0,1
BRDA:111,3,0,1
BRF:4
BRH:4
end_of_record
TN:
SF:src/components/atoms/Button/Button.tsx
FN:55,FormButton
FNF:1
FNH:0
FNDA:0,FormButton
DA:1,1
DA:3,1
DA:4,1
DA:5,1
DA:12,1
DA:13,1
DA:15,1
DA:16,1
DA:17,1
DA:18,1
DA:19,1
DA:20,1
DA:21,1
DA:22,1
DA:23,1
DA:24,1
DA:25,1
DA:26,1
DA:27,1
DA:28,1
DA:29,1
DA:30,1
DA:31,1
DA:32,1
DA:33,1
DA:34,1
DA:35,1
DA:36,1
DA:37,1
DA:38,1
DA:40,1
DA:43,1
DA:44,7
DA:45,7
DA:46,7
DA:47,7
DA:48,7
DA:50,7
DA:51,7
DA:53,7
DA:55,1
DA:56,0
DA:57,0
DA:58,0
DA:59,0
DA:60,0
DA:62,1
LF:47
LH:42
BRDA:43,0,0,7
BRDA:50,1,0,5
BRF:2
BRH:2
end_of_record
TN:
SF:src/components/atoms/CheckBox/CheckBox.tsx
FN:1,(empty-report)
FNF:1
FNH:0
FNDA:0,(empty-report)
DA:1,0
DA:2,0
DA:4,0
DA:6,0
DA:7,0
DA:8,0
DA:9,0
DA:10,0
DA:11,0
DA:17,0
DA:18,0
DA:19,0
DA:20,0
DA:21,0
DA:22,0
DA:23,0
DA:24,0
DA:25,0
DA:26,0
DA:27,0
DA:28,0
DA:30,0
DA:31,0
DA:35,0
DA:36,0
DA:37,0
DA:38,0
DA:39,0
DA:40,0
DA:41,0
DA:42,0
DA:43,0
DA:44,0
DA:45,0
DA:46,0
DA:47,0
DA:48,0
DA:49,0
DA:50,0
DA:51,0
DA:52,0
DA:60,0
DA:61,0
DA:62,0
DA:63,0
DA:64,0
DA:65,0
DA:66,0
DA:67,0
DA:68,0
DA:69,0
DA:70,0
DA:71,0
DA:72,0
DA:73,0
DA:74,0
DA:75,0
DA:76,0
DA:77,0
DA:78,0
DA:79,0
DA:80,0
DA:81,0
DA:82,0
DA:84,0
DA:85,0
DA:88,0
DA:89,0
DA:91,0
DA:92,0
DA:93,0
DA:94,0
DA:96,0
DA:97,0
DA:98,0
DA:99,0
DA:100,0
DA:101,0
DA:102,0
DA:104,0
DA:105,0
DA:107,0
LF:82
LH:0
BRDA:1,0,0,0
BRF:1
BRH:0
end_of_record
TN:
SF:src/components/atoms/Input/Input.tsx
FNF:0
FNH:0
DA:1,1
DA:2,1
DA:3,1
DA:4,1
DA:14,1
DA:15,1
DA:16,1
DA:17,1
DA:18,1
DA:19,1
DA:20,1
DA:21,1
DA:22,1
DA:23,1
DA:24,1
DA:25,1
DA:26,1
DA:27,1
DA:28,1
DA:29,1
DA:30,1
DA:31,1
DA:32,1
DA:33,1
DA:34,1
DA:36,1
DA:37,1
DA:38,152
DA:39,152
DA:40,152
DA:41,152
DA:42,152
DA:43,152
DA:45,152
DA:46,1
DA:48,1
LF:36
LH:36
BRDA:37,0,0,152
BRF:1
BRH:1
end_of_record
TN:
SF:src/components/atoms/Label/Label.tsx
FN:2,Label
FNF:1
FNH:1
FNDA:50,Label
DA:2,1
DA:3,50
DA:4,50
LF:3
LH:3
BRDA:2,0,0,50
BRF:1
BRH:1
end_of_record
TN:
SF:src/components/atoms/Switch/Switch.tsx
FN:1,(empty-report)
FNF:1
FNH:0
FNDA:0,(empty-report)
DA:1,0
DA:2,0
DA:4,0
DA:5,0
DA:9,0
DA:10,0
DA:11,0
DA:12,0
DA:13,0
DA:14,0
DA:15,0
DA:16,0
DA:17,0
DA:18,0
DA:19,0
DA:20,0
DA:21,0
DA:23,0
DA:24,0
DA:25,0
DA:26,0
DA:27,0
DA:28,0
DA:29,0
DA:30,0
DA:31,0
DA:32,0
DA:33,0
DA:34,0
DA:35,0
DA:36,0
DA:37,0
DA:41,0
DA:42,0
DA:43,0
DA:44,0
DA:45,0
DA:47,0
LF:38
LH:0
BRDA:1,0,0,0
BRF:1
BRH:0
end_of_record
TN:
SF:src/components/atoms/TextArea/TextArea.tsx
FNF:0
FNH:0
DA:1,1
DA:2,1
DA:3,1
DA:4,1
DA:15,1
DA:16,1
DA:17,1
DA:18,1
DA:19,1
DA:20,1
DA:21,1
DA:22,1
DA:23,1
DA:24,1
DA:25,1
DA:26,1
DA:27,1
DA:28,1
DA:29,1
DA:30,1
DA:31,1
DA:32,1
DA:33,1
DA:34,1
DA:35,1
DA:37,1
DA:38,1
DA:39,19
DA:40,19
DA:41,19
DA:42,19
DA:43,19
DA:44,19
DA:45,19
DA:46,19
DA:47,19
DA:48,19
DA:50,19
DA:51,1
DA:53,1
LF:40
LH:40
BRDA:38,0,0,19
BRDA:44,1,0,17
BRF:2
BRH:2
end_of_record
TN:
SF:src/components/atoms/Typography/Typography.tsx
FN:66,BaseTypography
FNF:1
FNH:1
FNDA:18,BaseTypography
DA:1,1
DA:9,1
DA:10,1
DA:12,1
DA:13,1
DA:14,1
DA:15,1
DA:16,1
DA:17,1
DA:18,1
DA:19,1
DA:20,1
DA:21,1
DA:22,1
DA:23,1
DA:24,1
DA:25,1
DA:26,1
DA:27,1
DA:28,1
DA:29,1
DA:30,1
DA:31,1
DA:32,1
DA:33,1
DA:34,1
DA:35,1
DA:41,1
DA:42,1
DA:43,1
DA:44,1
DA:45,1
DA:46,1
DA:47,1
DA:66,18
DA:67,18
DA:68,18
DA:69,18
DA:70,18
DA:71,18
DA:72,18
DA:73,18
DA:74,18
DA:75,18
DA:76,18
DA:77,18
DA:78,18
DA:79,18
DA:80,18
DA:81,18
DA:82,18
DA:83,18
DA:84,18
DA:85,18
DA:86,18
DA:87,18
DA:89,18
DA:90,18
DA:92,18
DA:97,1
DA:98,1
DA:101,1
LF:62
LH:62
BRDA:66,0,0,18
BRDA:79,1,0,16
BRDA:89,2,0,17
BRF:3
BRH:3
end_of_record
TN:
SF:src/components/molecules/CheckBoxField/CheckBoxField.tsx
FN:1,(empty-report)
FNF:1
FNH:1
FNDA:1,(empty-report)
DA:2,0
DA:3,0
DA:4,0
DA:5,0
DA:6,0
DA:7,0
DA:8,0
DA:13,0
DA:14,0
DA:15,0
DA:16,0
DA:17,0
DA:18,0
DA:19,0
DA:20,0
DA:21,0
DA:22,0
DA:23,0
DA:24,0
DA:25,0
DA:26,0
DA:27,0
DA:28,0
DA:29,0
DA:30,0
DA:31,0
DA:43,0
DA:44,0
DA:45,0
DA:46,0
DA:47,0
DA:48,0
DA:49,0
DA:50,0
DA:51,0
DA:52,0
DA:53,0
DA:54,0
DA:55,0
DA:56,0
DA:57,0
DA:58,0
DA:59,0
DA:60,0
DA:61,0
DA:62,0
DA:64,0
DA:65,0
DA:67,0
DA:68,0
DA:69,0
DA:70,0
DA:71,0
DA:72,0
DA:73,0
DA:75,0
DA:76,0
DA:77,0
DA:78,0
DA:79,0
DA:80,0
DA:81,0
DA:82,0
DA:83,0
DA:84,0
DA:85,0
DA:86,0
DA:87,0
DA:88,0
DA:89,0
DA:91,0
DA:93,0
DA:94,0
DA:96,0
DA:106,0
DA:107,0
DA:108,0
DA:109,0
DA:110,0
DA:111,0
DA:112,0
DA:113,0
DA:114,0
DA:115,0
DA:116,0
DA:117,0
DA:118,0
DA:119,0
DA:120,0
DA:121,0
DA:122,0
DA:124,0
DA:125,0
DA:127,0
LF:94
LH:0
BRDA:1,0,0,1
BRF:1
BRH:1
end_of_record
TN:
SF:src/components/molecules/ComboBoxField/ComboBoxField.tsx
FN:182,ComboboxField
FN:195,getLabel
FN:213,displayValue
FN:230,onClose
FN:231,by
FN:240,onChange
FN:269,ComboboxField.children.children.children.useVirtual.className
FN:276,children
FN:295,children
FN:333,FormComboboxField
FNF:10
FNH:9
FNDA:33,ComboboxField
FNDA:33,getLabel
FNDA:31,displayValue
FNDA:8,onClose
FNDA:83,by
FNDA:14,onChange
FNDA:2,ComboboxField.children.children.children.useVirtual.className
FNDA:2,children
FNDA:36,children
FNDA:0,FormComboboxField
DA:1,1
DA:7,1
DA:8,1
DA:9,1
DA:15,1
DA:16,1
DA:17,1
DA:18,1
DA:19,1
DA:21,1
DA:22,1
DA:23,1
DA:24,1
DA:25,1
DA:26,1
DA:27,1
DA:29,1
DA:30,1
DA:31,1
DA:32,1
DA:33,1
DA:36,1
DA:37,1
DA:38,1
DA:39,1
DA:40,1
DA:41,1
DA:42,1
DA:43,1
DA:44,1
DA:51,1
DA:52,1
DA:53,1
DA:54,1
DA:55,1
DA:62,1
DA:63,1
DA:64,1
DA:65,1
DA:66,1
DA:73,1
DA:74,1
DA:75,1
DA:76,1
DA:78,1
DA:79,1
DA:80,1
DA:81,1
DA:82,1
DA:83,1
DA:84,1
DA:85,1
DA:86,1
DA:87,1
DA:88,1
DA:89,1
DA:90,1
DA:91,1
DA:92,1
DA:93,1
DA:94,1
DA:95,1
DA:96,1
DA:97,1
DA:98,1
DA:99,1
DA:100,1
DA:101,1
DA:102,1
DA:103,1
DA:104,1
DA:105,1
DA:106,1
DA:107,1
DA:108,1
DA:109,1
DA:110,1
DA:112,1
DA:113,1
DA:116,1
DA:117,1
DA:118,1
DA:119,1
DA:120,1
DA:122,1
DA:123,1
DA:126,1
DA:127,1
DA:128,1
DA:129,1
DA:130,1
DA:182,1
DA:183,33
DA:184,33
DA:185,33
DA:186,33
DA:187,33
DA:188,33
DA:189,33
DA:190,33
DA:191,33
DA:192,33
DA:193,33
DA:194,33
DA:195,33
DA:196,33
DA:197,33
DA:198,33
DA:199,33
DA:200,33
DA:201,33
DA:202,33
DA:204,33
DA:205,32
DA:206,30
DA:207,13
DA:208,13
DA:209,33
DA:211,33
DA:213,33
DA:214,31
DA:216,33
DA:217,33
DA:218,33
DA:219,33
DA:220,33
DA:221,33
DA:222,33
DA:223,33
DA:224,33
DA:226,33
DA:227,33
DA:228,33
DA:229,33
DA:230,33
DA:231,33
DA:232,33
DA:234,33
DA:235,33
DA:236,33
DA:237,33
DA:238,33
DA:239,33
DA:240,33
DA:241,33
DA:242,33
DA:243,33
DA:244,33
DA:245,33
DA:246,33
DA:247,33
DA:248,33
DA:249,33
DA:250,33
DA:252,33
DA:253,33
DA:254,33
DA:255,33
DA:256,33
DA:257,33
DA:258,33
DA:260,33
DA:261,33
DA:264,33
DA:265,33
DA:266,33
DA:268,33
DA:269,8
DA:270,2
DA:271,2
DA:272,2
DA:273,2
DA:274,2
DA:276,2
DA:277,2
DA:278,2
DA:279,1
DA:280,1
DA:281,2
DA:283,2
DA:285,2
DA:286,25
DA:287,5
DA:289,20
DA:290,52
DA:291,52
DA:292,52
DA:293,52
DA:295,52
DA:296,36
DA:297,36
DA:298,4
DA:299,32
DA:300,36
DA:302,52
DA:303,20
DA:305,33
DA:306,33
DA:308,33
DA:309,1
DA:310,1
DA:311,1
DA:313,33
DA:314,1
DA:315,1
DA:316,1
DA:318,33
DA:320,33
DA:333,1
DA:334,0
DA:335,0
DA:336,0
DA:337,0
DA:338,0
DA:339,0
DA:340,0
DA:341,0
DA:342,0
DA:343,0
DA:344,0
DA:345,0
DA:346,0
DA:348,0
DA:349,0
DA:350,0
DA:351,0
DA:352,0
DA:353,0
DA:354,0
DA:356,0
DA:357,0
DA:358,0
DA:359,0
DA:360,0
DA:361,0
DA:362,0
DA:363,0
DA:364,0
DA:365,0
DA:366,0
DA:368,0
DA:369,0
DA:371,0
DA:372,0
DA:373,0
DA:374,0
DA:375,0
DA:376,0
DA:378,0
DA:379,0
DA:380,0
DA:381,0
DA:382,0
DA:383,0
DA:384,0
DA:385,0
DA:386,0
DA:387,0
DA:388,0
DA:389,0
DA:390,0
DA:391,0
DA:393,0
DA:394,0
DA:396,0
LF:265
LH:209
BRDA:182,0,0,33
BRDA:217,1,0,8
BRDA:217,2,0,1
BRDA:217,3,0,7
BRDA:218,4,0,8
BRDA:218,5,0,25
BRDA:227,6,0,28
BRDA:238,7,0,32
BRDA:238,8,0,1
BRDA:257,9,0,1
BRDA:268,10,0,8
BRDA:285,11,0,25
BRDA:286,12,0,5
BRDA:287,13,0,20
BRDA:308,14,0,1
BRDA:308,15,0,1
BRDA:313,16,0,1
BRDA:195,17,0,33
BRDA:204,18,0,32
BRDA:205,19,0,18
BRDA:205,20,0,30
BRDA:205,21,0,14
BRDA:206,22,0,1
BRDA:206,23,0,13
BRDA:208,24,0,39
BRDA:213,25,0,31
BRDA:214,26,0,0
BRDA:214,27,0,5
BRDA:214,28,0,26
BRDA:230,29,0,8
BRDA:231,30,0,83
BRDA:231,31,0,33
BRDA:240,32,0,14
BRDA:269,33,0,2
BRDA:276,34,0,2
BRDA:278,35,0,1
BRDA:279,36,0,1
BRDA:289,37,0,52
BRDA:295,38,0,36
BRDA:297,39,0,4
BRDA:298,40,0,32
BRF:41
BRH:40
end_of_record
TN:
SF:src/components/molecules/FieldGroup/FieldGroup.tsx
FN:1,(empty-report)
FNF:1
FNH:0
FNDA:0,(empty-report)
DA:1,0
DA:2,0
DA:4,0
DA:5,0
DA:6,0
DA:7,0
DA:8,0
DA:9,0
DA:10,0
DA:11,0
DA:12,0
DA:13,0
DA:21,0
DA:22,0
DA:23,0
DA:24,0
DA:25,0
DA:26,0
DA:27,0
DA:28,0
DA:29,0
DA:30,0
DA:31,0
DA:32,0
DA:33,0
DA:34,0
DA:35,0
DA:37,0
DA:38,0
DA:40,0
LF:30
LH:0
BRDA:1,0,0,0
BRF:1
BRH:0
end_of_record
TN:
SF:src/components/molecules/MultiCheckBoxField/MultiCheckBoxField.tsx
FN:1,(empty-report)
FNF:1
FNH:1
FNDA:1,(empty-report)
DA:2,0
DA:3,0
DA:4,0
DA:5,0
DA:6,0
DA:7,0
DA:10,0
DA:11,0
DA:12,0
DA:13,0
DA:14,0
DA:15,0
DA:16,0
DA:17,0
DA:18,0
DA:19,0
DA:20,0
DA:21,0
DA:22,0
DA:23,0
DA:24,0
DA:25,0
DA:26,0
DA:27,0
DA:28,0
DA:29,0
DA:30,0
DA:55,0
DA:56,0
DA:57,0
DA:58,0
DA:59,0
DA:60,0
DA:61,0
DA:62,0
DA:63,0
DA:64,0
DA:65,0
DA:66,0
DA:67,0
DA:68,0
DA:69,0
DA:70,0
DA:71,0
DA:72,0
DA:74,0
DA:75,0
DA:76,0
DA:77,0
DA:78,0
DA:79,0
DA:81,0
DA:82,0
DA:83,0
DA:85,0
DA:86,0
DA:88,0
DA:89,0
DA:90,0
DA:91,0
DA:92,0
DA:94,0
DA:95,0
DA:96,0
DA:97,0
DA:98,0
DA:100,0
DA:101,0
DA:102,0
DA:103,0
DA:104,0
DA:105,0
DA:106,0
DA:107,0
DA:109,0
DA:110,0
DA:111,0
DA:112,0
DA:113,0
DA:114,0
DA:115,0
DA:116,0
DA:117,0
DA:118,0
DA:119,0
DA:120,0
DA:121,0
DA:122,0
DA:123,0
DA:126,0
DA:127,0
DA:128,0
DA:129,0
DA:130,0
DA:131,0
DA:132,0
DA:133,0
DA:134,0
DA:135,0
DA:136,0
DA:137,0
DA:139,0
DA:140,0
DA:141,0
DA:142,0
DA:143,0
DA:144,0
DA:146,0
DA:147,0
DA:149,0
DA:150,0
DA:151,0
DA:152,0
DA:153,0
DA:154,0
DA:155,0
DA:157,0
DA:159,0
DA:160,0
DA:161,0
DA:162,0
DA:163,0
DA:165,0
DA:166,0
DA:167,0
DA:169,0
DA:170,0
DA:171,0
DA:172,0
DA:174,0
DA:187,0
DA:188,0
DA:189,0
DA:190,0
DA:191,0
DA:192,0
DA:193,0
DA:194,0
DA:195,0
DA:196,0
DA:197,0
DA:198,0
DA:199,0
DA:200,0
DA:202,0
DA:203,0
DA:204,0
DA:205,0
DA:206,0
DA:207,0
DA:208,0
DA:209,0
DA:210,0
DA:212,0
DA:213,0
DA:215,0
LF:156
LH:0
BRDA:1,0,0,1
BRF:1
BRH:1
end_of_record
TN:
SF:src/components/molecules/TextAreaField/TextAreaField.tsx
FN:173,FormTextAreaField
FNF:1
FNH:0
FNDA:0,FormTextAreaField
DA:1,1
DA:2,1
DA:3,1
DA:4,1
DA:5,1
DA:6,1
DA:7,1
DA:17,1
DA:18,1
DA:19,1
DA:20,1
DA:21,1
DA:22,1
DA:23,1
DA:24,1
DA:25,1
DA:26,1
DA:27,1
DA:28,1
DA:29,1
DA:30,1
DA:31,1
DA:32,1
DA:33,1
DA:35,1
DA:36,1
DA:37,1
DA:38,1
DA:39,1
DA:40,1
DA:41,1
DA:42,1
DA:43,1
DA:44,1
DA:45,1
DA:46,1
DA:47,1
DA:48,1
DA:49,1
DA:50,1
DA:51,1
DA:52,1
DA:53,1
DA:54,1
DA:55,1
DA:56,1
DA:57,1
DA:58,1
DA:59,1
DA:60,1
DA:61,1
DA:62,1
DA:63,1
DA:64,1
DA:65,1
DA:66,1
DA:67,1
DA:68,1
DA:70,1
DA:71,1
DA:72,1
DA:73,1
DA:74,1
DA:77,1
DA:78,1
DA:79,1
DA:80,1
DA:81,1
DA:82,1
DA:83,1
DA:84,1
DA:85,1
DA:86,1
DA:93,1
DA:94,1
DA:95,1
DA:96,1
DA:97,1
DA:104,1
DA:105,1
DA:106,1
DA:107,1
DA:108,1
DA:115,1
DA:116,1
DA:117,1
DA:118,1
DA:120,1
DA:121,1
DA:122,9
DA:123,9
DA:124,9
DA:125,9
DA:126,9
DA:127,9
DA:128,9
DA:129,9
DA:130,9
DA:131,9
DA:133,9
DA:134,9
DA:135,9
DA:136,9
DA:137,9
DA:138,9
DA:139,9
DA:140,9
DA:141,9
DA:142,9
DA:143,9
DA:144,9
DA:145,9
DA:146,9
DA:147,9
DA:149,9
DA:150,9
DA:151,9
DA:152,1
DA:153,1
DA:154,1
DA:156,9
DA:157,1
DA:158,1
DA:159,1
DA:161,9
DA:163,9
DA:164,1
DA:166,1
DA:173,1
DA:174,0
DA:175,0
DA:176,0
DA:177,0
DA:178,0
DA:180,0
DA:182,0
DA:183,0
DA:184,0
DA:185,0
DA:186,0
DA:187,0
DA:189,0
LF:142
LH:129
BRDA:121,0,0,9
BRDA:125,1,0,8
BRDA:137,2,0,1
BRDA:137,3,0,8
BRDA:138,4,0,8
BRDA:138,5,0,1
BRDA:146,6,0,1
BRDA:151,7,0,2
BRDA:151,8,0,1
BRDA:156,9,0,1
BRF:10
BRH:10
end_of_record
TN:
SF:src/components/molecules/TextField/TextField.tsx
FN:173,FormTextField
FNF:1
FNH:0
FNDA:0,FormTextField
DA:1,1
DA:2,1
DA:3,1
DA:4,1
DA:5,1
DA:6,1
DA:7,1
DA:17,1
DA:18,1
DA:19,1
DA:20,1
DA:21,1
DA:22,1
DA:23,1
DA:24,1
DA:25,1
DA:26,1
DA:27,1
DA:28,1
DA:29,1
DA:30,1
DA:31,1
DA:32,1
DA:33,1
DA:35,1
DA:36,1
DA:37,1
DA:38,1
DA:39,1
DA:40,1
DA:41,1
DA:42,1
DA:43,1
DA:44,1
DA:45,1
DA:46,1
DA:47,1
DA:48,1
DA:49,1
DA:50,1
DA:51,1
DA:52,1
DA:53,1
DA:54,1
DA:55,1
DA:56,1
DA:57,1
DA:58,1
DA:59,1
DA:60,1
DA:61,1
DA:62,1
DA:63,1
DA:64,1
DA:65,1
DA:66,1
DA:67,1
DA:68,1
DA:70,1
DA:71,1
DA:72,1
DA:73,1
DA:74,1
DA:77,1
DA:78,1
DA:79,1
DA:80,1
DA:81,1
DA:82,1
DA:83,1
DA:84,1
DA:85,1
DA:86,1
DA:93,1
DA:94,1
DA:95,1
DA:96,1
DA:97,1
DA:104,1
DA:105,1
DA:106,1
DA:107,1
DA:108,1
DA:115,1
DA:116,1
DA:117,1
DA:118,1
DA:120,1
DA:121,1
DA:122,7
DA:123,7
DA:124,7
DA:125,7
DA:126,7
DA:127,7
DA:128,7
DA:129,7
DA:130,7
DA:131,7
DA:133,7
DA:134,7
DA:135,7
DA:136,7
DA:137,7
DA:138,7
DA:139,7
DA:140,7
DA:141,7
DA:142,7
DA:143,7
DA:144,7
DA:145,7
DA:146,7
DA:147,7
DA:149,7
DA:150,7
DA:151,7
DA:152,1
DA:153,1
DA:154,1
DA:156,7
DA:157,1
DA:158,1
DA:159,1
DA:161,7
DA:163,7
DA:164,1
DA:166,1
DA:173,1
DA:174,0
DA:175,0
DA:176,0
DA:177,0
DA:178,0
DA:180,0
DA:182,0
DA:183,0
DA:184,0
DA:185,0
DA:186,0
DA:187,0
DA:189,0
LF:142
LH:129
BRDA:121,0,0,7
BRDA:125,1,0,6
BRDA:137,2,0,1
BRDA:137,3,0,6
BRDA:138,4,0,6
BRDA:138,5,0,1
BRDA:146,6,0,1
BRDA:151,7,0,2
BRDA:151,8,0,1
BRDA:156,9,0,1
BRF:10
BRH:10
end_of_record
TN:
SF:src/components/organisms/Form/Form.tsx
FN:1,(empty-report)
FNF:1
FNH:0
FNDA:0,(empty-report)
DA:1,0
DA:2,0
DA:12,0
DA:13,0
DA:14,0
DA:20,0
DA:27,0
DA:28,0
DA:60,0
DA:61,0
DA:62,0
DA:63,0
DA:68,0
DA:77,0
DA:78,0
DA:79,0
DA:80,0
DA:83,0
DA:84,0
DA:85,0
DA:86,0
DA:87,0
DA:89,0
DA:90,0
DA:92,0
DA:94,0
DA:95,0
DA:96,0
DA:97,0
DA:100,0
DA:101,0
DA:102,0
DA:104,0
DA:105,0
DA:106,0
DA:107,0
DA:108,0
DA:109,0
DA:113,0
DA:114,0
DA:115,0
DA:116,0
DA:117,0
DA:118,0
DA:119,0
DA:120,0
DA:121,0
DA:122,0
DA:123,0
DA:125,0
DA:126,0
DA:128,0
DA:129,0
DA:130,0
DA:131,0
DA:132,0
DA:135,0
DA:136,0
DA:137,0
DA:138,0
DA:139,0
DA:140,0
DA:141,0
DA:143,0
DA:144,0
DA:145,0
DA:146,0
DA:148,0
DA:150,0
DA:152,0
DA:154,0
DA:155,0
DA:156,0
DA:157,0
DA:158,0
DA:159,0
DA:161,0
DA:162,0
DA:163,0
DA:165,0
DA:166,0
DA:168,0
DA:170,0
DA:171,0
DA:172,0
DA:173,0
DA:174,0
DA:175,0
DA:176,0
DA:177,0
DA:179,0
DA:180,0
DA:181,0
DA:182,0
DA:184,0
DA:186,0
DA:187,0
DA:188,0
DA:189,0
DA:190,0
DA:191,0
DA:193,0
DA:196,0
DA:197,0
DA:198,0
DA:199,0
DA:200,0
DA:201,0
DA:202,0
DA:203,0
DA:204,0
DA:205,0
DA:206,0
DA:208,0
DA:210,0
DA:211,0
DA:212,0
DA:213,0
DA:214,0
DA:216,0
DA:218,0
DA:219,0
DA:221,0
DA:222,0
DA:223,0
DA:224,0
DA:225,0
DA:226,0
DA:228,0
DA:230,0
DA:231,0
DA:232,0
DA:233,0
DA:234,0
DA:235,0
DA:236,0
DA:238,0
DA:240,0
DA:241,0
DA:242,0
DA:243,0
DA:244,0
DA:245,0
DA:246,0
DA:248,0
DA:250,0
DA:251,0
DA:252,0
DA:253,0
DA:254,0
DA:255,0
DA:256,0
DA:258,0
DA:260,0
DA:261,0
DA:262,0
DA:263,0
DA:264,0
DA:265,0
DA:266,0
DA:268,0
DA:270,0
DA:271,0
DA:272,0
DA:273,0
DA:275,0
DA:276,0
DA:277,0
DA:278,0
DA:279,0
DA:280,0
DA:281,0
DA:282,0
DA:284,0
DA:285,0
DA:286,0
DA:287,0
DA:288,0
DA:289,0
DA:290,0
DA:291,0
DA:292,0
DA:293,0
DA:294,0
DA:295,0
DA:296,0
DA:297,0
DA:298,0
DA:299,0
DA:300,0
DA:301,0
DA:303,0
DA:304,0
DA:305,0
DA:306,0
DA:308,0
DA:310,0
DA:311,0
DA:312,0
DA:314,0
DA:315,0
DA:316,0
DA:317,0
DA:318,0
DA:319,0
DA:321,0
DA:322,0
DA:323,0
DA:324,0
DA:326,0
DA:328,0
DA:329,0
DA:330,0
DA:331,0
DA:332,0
DA:333,0
DA:334,0
DA:335,0
DA:336,0
DA:337,0
DA:338,0
DA:339,0
DA:340,0
DA:341,0
DA:342,0
DA:343,0
DA:344,0
DA:345,0
DA:346,0
DA:347,0
DA:348,0
DA:349,0
DA:350,0
DA:351,0
DA:352,0
DA:353,0
DA:354,0
DA:355,0
DA:356,0
DA:357,0
DA:358,0
DA:360,0
DA:362,0
DA:363,0
DA:364,0
DA:365,0
DA:367,0
LF:247
LH:0
BRDA:1,0,0,0
BRF:1
BRH:0
end_of_record
TN:
SF:src/components/organisms/Form/paths.ts
FN:1,(empty-report)
FNF:1
FNH:1
FNDA:1,(empty-report)
LF:0
LH:0
BRDA:1,0,0,1
BRF:1
BRH:1
end_of_record
TN:
SF:src/components/organisms/Form/renderers.tsx
FN:1,(empty-report)
FNF:1
FNH:1
FNDA:1,(empty-report)
DA:2,0
DA:6,0
DA:10,0
DA:16,0
DA:20,0
DA:24,0
DA:102,0
DA:103,0
DA:104,0
DA:105,0
DA:106,0
DA:107,0
DA:108,0
DA:109,0
DA:110,0
DA:111,0
DA:112,0
DA:113,0
DA:114,0
DA:115,0
DA:116,0
DA:117,0
DA:127,0
DA:128,0
DA:129,0
DA:130,0
DA:133,0
DA:134,0
DA:135,0
DA:136,0
DA:137,0
DA:138,0
DA:139,0
DA:140,0
DA:141,0
DA:142,0
DA:143,0
DA:144,0
DA:146,0
DA:147,0
DA:148,0
DA:149,0
DA:150,0
DA:151,0
DA:152,0
DA:153,0
DA:154,0
DA:155,0
DA:156,0
DA:158,0
DA:159,0
DA:161,0
DA:162,0
DA:163,0
DA:164,0
DA:165,0
DA:166,0
DA:167,0
DA:168,0
DA:169,0
DA:170,0
DA:171,0
DA:173,0
DA:174,0
DA:175,0
DA:176,0
DA:177,0
DA:178,0
DA:179,0
DA:180,0
DA:181,0
DA:182,0
DA:183,0
DA:185,0
DA:186,0
DA:188,0
DA:189,0
DA:190,0
DA:191,0
DA:192,0
DA:193,0
DA:194,0
DA:195,0
DA:196,0
DA:197,0
DA:199,0
DA:200,0
DA:201,0
DA:202,0
DA:203,0
DA:204,0
DA:206,0
DA:207,0
DA:208,0
DA:209,0
DA:210,0
DA:211,0
DA:212,0
DA:213,0
DA:215,0
DA:216,0
DA:217,0
DA:218,0
DA:220,0
DA:221,0
DA:222,0
DA:223,0
DA:224,0
DA:225,0
DA:226,0
DA:227,0
DA:228,0
DA:229,0
DA:230,0
DA:231,0
DA:232,0
DA:233,0
DA:235,0
DA:236,0
DA:237,0
LF:120
LH:0
BRDA:1,0,0,1
BRF:1
BRH:1
end_of_record
TN:
SF:src/utils/ThemeContext.tsx
FNF:0
FNH:0
DA:1,1
DA:11,1
LF:2
LH:2
BRF:0
BRH:0
end_of_record
TN:
SF:src/utils/ThemeProvider.tsx
FN:13,ThemeProvider
FN:34,onChange
FN:59,setTheme
FN:60,toggle
FNF:4
FNH:4
FNDA:16,ThemeProvider
FNDA:2,onChange
FNDA:6,setTheme
FNDA:3,toggle
DA:1,1
DA:2,1
DA:3,1
DA:13,1
DA:14,16
DA:15,16
DA:16,16
DA:17,16
DA:21,16
DA:22,16
DA:23,16
DA:25,16
DA:26,5
DA:27,5
DA:29,16
DA:31,16
DA:32,5
DA:33,5
DA:34,4
DA:35,2
DA:36,4
DA:37,5
DA:38,4
DA:39,4
DA:40,16
DA:42,16
DA:43,15
DA:44,15
DA:45,15
DA:46,15
DA:47,6
DA:48,15
DA:49,1
DA:50,1
DA:51,16
DA:53,16
DA:54,15
DA:55,15
DA:56,15
DA:57,15
DA:58,15
DA:59,15
DA:60,15
DA:61,3
DA:62,3
DA:63,3
DA:64,15
DA:65,16
DA:67,16
DA:68,16
LF:50
LH:50
BRDA:13,0,0,16
BRDA:23,1,0,5
BRDA:25,2,0,5
BRDA:27,3,0,1
BRDA:27,4,0,1
BRDA:31,5,0,5
BRDA:32,6,0,4
BRDA:33,7,0,1
BRDA:33,8,0,4
BRDA:34,9,0,2
BRDA:35,10,0,1
BRDA:35,11,0,1
BRDA:37,12,0,4
BRDA:38,13,0,3
BRDA:42,14,0,15
BRDA:43,15,0,9
BRDA:43,16,0,2
BRDA:43,17,0,7
BRDA:43,18,0,6
BRDA:46,19,0,9
BRDA:46,20,0,6
BRDA:48,21,0,1
BRDA:53,22,0,15
BRDA:55,23,0,9
BRDA:55,24,0,2
BRDA:55,25,0,7
BRDA:55,26,0,6
BRDA:59,27,0,6
BRDA:59,28,0,5
BRDA:59,29,0,1
BRDA:60,30,0,3
BRDA:61,31,0,3
BRDA:62,32,0,1
BRDA:62,33,0,2
BRDA:62,34,0,1
BRDA:62,35,0,1
BRF:36
BRH:36
end_of_record
TN:
SF:src/utils/escapeRegex.ts
FN:1,escapeRegExp
FNF:1
FNH:1
FNDA:13,escapeRegExp
DA:1,1
LF:1
LH:1
BRDA:1,0,0,13
BRF:1
BRH:1
end_of_record
TN:
SF:src/utils/themeHelpers.ts
FN:5,isTheme
FN:8,readStoredTheme
FN:17,getSystemDark
FN:25,applyMode
FNF:4
FNH:4
FNDA:19,isTheme
FNDA:8,readStoredTheme
FNDA:9,getSystemDark
FNDA:17,applyMode
DA:2,1
DA:3,1
DA:5,1
DA:6,19
DA:8,1
DA:9,8
DA:10,8
DA:11,8
DA:12,8
DA:13,1
DA:14,1
DA:15,8
DA:17,1
DA:18,9
DA:19,9
DA:20,9
DA:21,1
DA:22,1
DA:23,9
DA:25,1
DA:26,17
DA:27,17
DA:28,17
DA:29,17
LF:24
LH:24
BRDA:5,0,0,19
BRDA:6,1,0,18
BRDA:6,2,0,12
BRDA:8,3,0,8
BRDA:11,4,0,2
BRDA:11,5,0,5
BRDA:12,6,0,1
BRDA:17,7,0,9
BRDA:19,8,0,7
BRDA:20,9,0,1
BRDA:25,10,0,17
BRF:11
BRH:11
end_of_record
TN:
SF:src/utils/useTheme.tsx
FN:4,useTheme
FNF:1
FNH:1
FNDA:18,useTheme
DA:1,1
DA:2,1
DA:4,1
DA:5,18
DA:6,18
DA:7,15
DA:8,15
LF:7
LH:7
BRDA:4,0,0,18
BRDA:6,1,0,2
BRDA:6,2,0,15
BRF:3
BRH:3
end_of_record
