TN:
SF:src/components/atoms/Badge/Badge.tsx
FN:82,Badge
FNF:1
FNH:1
FNDA:9,Badge
DA:1,1
DA:3,1
DA:5,1
DA:6,1
DA:7,1
DA:8,1
DA:9,1
DA:10,1
DA:11,1
DA:16,1
DA:17,1
DA:22,1
DA:24,1
DA:25,1
DA:26,1
DA:31,1
DA:36,1
DA:37,1
DA:42,1
DA:43,1
DA:47,1
DA:48,1
DA:49,1
DA:50,1
DA:51,1
DA:52,1
DA:53,1
DA:54,1
DA:55,1
DA:56,1
DA:57,1
DA:58,1
DA:60,1
DA:61,1
DA:62,1
DA:63,1
DA:64,1
DA:65,1
DA:66,1
DA:67,1
DA:68,1
DA:69,1
DA:70,1
DA:71,1
DA:72,1
DA:73,1
DA:74,1
DA:82,1
DA:83,9
DA:84,9
DA:85,9
DA:86,9
DA:87,9
DA:88,9
DA:89,9
DA:90,9
DA:91,9
DA:92,9
DA:93,9
DA:94,9
DA:95,9
DA:96,9
DA:97,9
DA:98,9
DA:99,9
DA:100,9
DA:102,9
DA:103,1
DA:104,1
DA:105,1
DA:106,1
DA:108,1
DA:109,1
DA:111,9
DA:112,9
DA:114,9
LF:76
LH:76
BRDA:82,0,0,9
BRDA:99,1,0,1
BRDA:102,2,0,1
BRDA:111,3,0,1
BRF:4
BRH:4
end_of_record
TN:
SF:src/components/atoms/Button/Button.tsx
FNF:0
FNH:0
DA:1,1
DA:3,1
DA:4,1
DA:11,1
DA:12,1
DA:14,1
DA:15,1
DA:16,1
DA:17,1
DA:18,1
DA:19,1
DA:20,1
DA:21,1
DA:22,1
DA:23,1
DA:24,1
DA:25,1
DA:26,1
DA:27,1
DA:28,1
DA:29,1
DA:30,1
DA:31,1
DA:32,1
DA:33,1
DA:34,1
DA:35,1
DA:36,1
DA:37,1
DA:39,1
DA:42,1
DA:43,7
DA:44,7
DA:45,7
DA:46,7
DA:47,7
DA:49,7
DA:50,7
DA:52,7
DA:54,1
LF:40
LH:40
BRDA:42,0,0,7
BRDA:49,1,0,5
BRF:2
BRH:2
end_of_record
TN:
SF:src/components/atoms/Input/Input.tsx
FNF:0
FNH:0
DA:1,1
DA:2,1
DA:3,1
DA:8,1
DA:9,1
DA:10,1
DA:11,1
DA:12,1
DA:13,1
DA:14,1
DA:15,1
DA:16,1
DA:17,1
DA:18,1
DA:19,1
DA:20,1
DA:21,1
DA:22,1
DA:23,1
DA:24,1
DA:25,1
DA:26,1
DA:27,1
DA:28,1
DA:30,1
DA:31,1
DA:32,15
DA:33,15
DA:34,15
DA:35,15
DA:36,15
DA:37,15
DA:39,15
DA:40,1
DA:42,1
LF:35
LH:35
BRDA:31,0,0,15
BRF:1
BRH:1
end_of_record
TN:
SF:src/components/atoms/Label/Label.tsx
FN:2,Label
FNF:1
FNH:1
FNDA:41,Label
DA:2,1
DA:3,41
DA:4,41
LF:3
LH:3
BRDA:2,0,0,41
BRF:1
BRH:1
end_of_record
TN:
SF:src/components/atoms/Typography/Typography.tsx
FN:66,BaseTypography
FNF:1
FNH:1
FNDA:17,BaseTypography
DA:1,1
DA:9,1
DA:10,1
DA:12,1
DA:13,1
DA:14,1
DA:15,1
DA:16,1
DA:17,1
DA:18,1
DA:19,1
DA:20,1
DA:21,1
DA:22,1
DA:23,1
DA:24,1
DA:25,1
DA:26,1
DA:27,1
DA:28,1
DA:29,1
DA:30,1
DA:31,1
DA:32,1
DA:33,1
DA:34,1
DA:35,1
DA:41,1
DA:42,1
DA:43,1
DA:44,1
DA:45,1
DA:46,1
DA:47,1
DA:66,17
DA:67,17
DA:68,17
DA:69,17
DA:70,17
DA:71,17
DA:72,17
DA:73,17
DA:74,17
DA:75,17
DA:76,17
DA:77,17
DA:78,17
DA:79,17
DA:80,17
DA:81,17
DA:82,17
DA:83,17
DA:84,17
DA:85,17
DA:86,17
DA:87,17
DA:89,17
DA:90,17
DA:92,17
DA:97,1
DA:98,1
DA:101,1
DA:103,1
LF:63
LH:63
BRDA:66,0,0,17
BRDA:79,1,0,15
BRDA:89,2,0,16
BRF:3
BRH:3
end_of_record
TN:
SF:src/components/molecules/ComboBoxField/ComboBoxField.tsx
FN:170,ComboboxField
FN:183,getLabel
FN:201,displayValue
FN:214,onClose
FN:215,by
FN:223,onChange
FN:251,ComboboxField.children.children.children.useVirtual.className
FN:258,children
FN:277,children
FNF:9
FNH:9
FNDA:33,ComboboxField
FNDA:33,getLabel
FNDA:31,displayValue
FNDA:8,onClose
FNDA:83,by
FNDA:14,onChange
FNDA:2,ComboboxField.children.children.children.useVirtual.className
FNDA:2,children
FNDA:36,children
DA:1,1
DA:7,1
DA:8,1
DA:9,1
DA:15,1
DA:16,1
DA:17,1
DA:19,1
DA:20,1
DA:21,1
DA:22,1
DA:23,1
DA:24,1
DA:25,1
DA:27,1
DA:28,1
DA:29,1
DA:30,1
DA:31,1
DA:35,1
DA:36,1
DA:37,1
DA:38,1
DA:39,1
DA:40,1
DA:41,1
DA:42,1
DA:43,1
DA:50,1
DA:51,1
DA:52,1
DA:53,1
DA:54,1
DA:61,1
DA:62,1
DA:63,1
DA:64,1
DA:65,1
DA:72,1
DA:73,1
DA:74,1
DA:75,1
DA:77,1
DA:78,1
DA:81,1
DA:82,1
DA:83,1
DA:84,1
DA:85,1
DA:86,1
DA:87,1
DA:88,1
DA:89,1
DA:90,1
DA:91,1
DA:92,1
DA:93,1
DA:94,1
DA:95,1
DA:96,1
DA:97,1
DA:98,1
DA:99,1
DA:100,1
DA:101,1
DA:102,1
DA:103,1
DA:104,1
DA:105,1
DA:106,1
DA:107,1
DA:108,1
DA:109,1
DA:110,1
DA:111,1
DA:113,1
DA:114,1
DA:117,1
DA:118,1
DA:119,1
DA:120,1
DA:121,1
DA:123,1
DA:124,1
DA:127,1
DA:128,1
DA:129,1
DA:130,1
DA:131,1
DA:170,1
DA:171,33
DA:172,33
DA:173,33
DA:174,33
DA:175,33
DA:176,33
DA:177,33
DA:178,33
DA:179,33
DA:180,33
DA:181,33
DA:182,33
DA:183,33
DA:184,33
DA:185,33
DA:186,33
DA:187,33
DA:188,33
DA:189,33
DA:190,33
DA:192,33
DA:193,32
DA:194,30
DA:195,13
DA:196,13
DA:197,33
DA:199,33
DA:201,33
DA:203,33
DA:204,33
DA:205,33
DA:206,33
DA:207,33
DA:208,33
DA:210,33
DA:211,33
DA:212,33
DA:213,33
DA:214,33
DA:215,33
DA:216,33
DA:218,33
DA:219,33
DA:220,33
DA:221,33
DA:222,33
DA:223,33
DA:224,33
DA:225,33
DA:226,33
DA:227,33
DA:228,33
DA:229,33
DA:230,33
DA:231,33
DA:232,33
DA:234,33
DA:235,33
DA:236,33
DA:237,33
DA:238,33
DA:239,33
DA:240,33
DA:242,33
DA:243,33
DA:246,33
DA:247,33
DA:248,33
DA:250,33
DA:251,8
DA:252,2
DA:253,2
DA:254,2
DA:255,2
DA:256,2
DA:258,2
DA:259,2
DA:260,2
DA:261,1
DA:262,1
DA:263,2
DA:265,2
DA:267,2
DA:268,25
DA:269,5
DA:271,20
DA:272,52
DA:273,52
DA:274,52
DA:275,52
DA:277,52
DA:278,36
DA:279,36
DA:280,4
DA:281,32
DA:282,36
DA:284,52
DA:285,20
DA:287,33
DA:288,33
DA:290,33
DA:291,1
DA:292,1
DA:293,1
DA:295,33
DA:296,1
DA:297,1
DA:298,1
DA:300,33
DA:302,33
LF:200
LH:200
BRDA:170,0,0,33
BRDA:204,1,0,8
BRDA:204,2,0,1
BRDA:204,3,0,7
BRDA:205,4,0,8
BRDA:205,5,0,25
BRDA:211,6,0,28
BRDA:221,7,0,32
BRDA:221,8,0,1
BRDA:239,9,0,1
BRDA:250,10,0,8
BRDA:267,11,0,25
BRDA:268,12,0,5
BRDA:269,13,0,20
BRDA:290,14,0,1
BRDA:290,15,0,1
BRDA:295,16,0,1
BRDA:183,17,0,33
BRDA:192,18,0,32
BRDA:193,19,0,18
BRDA:193,20,0,30
BRDA:193,21,0,14
BRDA:194,22,0,1
BRDA:194,23,0,13
BRDA:196,24,0,39
BRDA:201,25,0,31
BRDA:201,26,0,5
BRDA:201,27,0,26
BRDA:214,28,0,8
BRDA:215,29,0,83
BRDA:215,30,0,33
BRDA:223,31,0,14
BRDA:251,32,0,2
BRDA:258,33,0,2
BRDA:260,34,0,1
BRDA:261,35,0,1
BRDA:271,36,0,52
BRDA:277,37,0,36
BRDA:279,38,0,4
BRDA:280,39,0,32
BRF:40
BRH:40
end_of_record
TN:
SF:src/components/molecules/TextField/TextField.tsx
FN:119,TextField
FNF:1
FNH:1
FNDA:7,TextField
DA:1,1
DA:2,1
DA:3,1
DA:4,1
DA:5,1
DA:15,1
DA:16,1
DA:17,1
DA:18,1
DA:19,1
DA:20,1
DA:21,1
DA:22,1
DA:23,1
DA:24,1
DA:25,1
DA:26,1
DA:27,1
DA:28,1
DA:29,1
DA:30,1
DA:31,1
DA:33,1
DA:34,1
DA:35,1
DA:36,1
DA:37,1
DA:38,1
DA:39,1
DA:40,1
DA:41,1
DA:42,1
DA:43,1
DA:44,1
DA:45,1
DA:46,1
DA:47,1
DA:48,1
DA:49,1
DA:50,1
DA:51,1
DA:52,1
DA:53,1
DA:54,1
DA:55,1
DA:56,1
DA:57,1
DA:58,1
DA:59,1
DA:60,1
DA:61,1
DA:62,1
DA:63,1
DA:64,1
DA:65,1
DA:66,1
DA:68,1
DA:69,1
DA:70,1
DA:71,1
DA:72,1
DA:77,1
DA:78,1
DA:79,1
DA:80,1
DA:81,1
DA:82,1
DA:83,1
DA:84,1
DA:85,1
DA:86,1
DA:93,1
DA:94,1
DA:95,1
DA:96,1
DA:97,1
DA:104,1
DA:105,1
DA:106,1
DA:107,1
DA:108,1
DA:115,1
DA:116,1
DA:117,1
DA:118,1
DA:119,1
DA:120,7
DA:121,7
DA:122,7
DA:123,7
DA:124,7
DA:125,7
DA:126,7
DA:127,7
DA:128,7
DA:130,7
DA:131,7
DA:132,7
DA:133,7
DA:134,7
DA:135,7
DA:136,7
DA:137,7
DA:138,7
DA:139,7
DA:140,7
DA:141,7
DA:142,7
DA:143,7
DA:144,7
DA:146,7
DA:147,7
DA:148,7
DA:149,2
DA:150,2
DA:151,2
DA:153,7
DA:154,1
DA:155,1
DA:156,1
DA:158,7
DA:160,7
LF:122
LH:122
BRDA:119,0,0,7
BRDA:128,1,0,6
BRDA:135,2,0,1
BRDA:135,3,0,6
BRDA:136,4,0,6
BRDA:136,5,0,1
BRDA:143,6,0,1
BRDA:148,7,0,2
BRDA:153,8,0,1
BRF:9
BRH:9
end_of_record
TN:
SF:src/utils/ThemeContext.tsx
FNF:0
FNH:0
DA:1,1
DA:11,1
LF:2
LH:2
BRF:0
BRH:0
end_of_record
TN:
SF:src/utils/ThemeProvider.tsx
FN:13,ThemeProvider
FN:34,onChange
FN:59,setTheme
FN:60,toggle
FNF:4
FNH:4
FNDA:16,ThemeProvider
FNDA:2,onChange
FNDA:6,setTheme
FNDA:3,toggle
DA:1,1
DA:2,1
DA:3,1
DA:13,1
DA:14,16
DA:15,16
DA:16,16
DA:17,16
DA:21,16
DA:22,16
DA:23,16
DA:25,16
DA:26,5
DA:27,5
DA:29,16
DA:31,16
DA:32,5
DA:33,5
DA:34,4
DA:35,2
DA:36,4
DA:37,5
DA:38,4
DA:39,4
DA:40,16
DA:42,16
DA:43,15
DA:44,15
DA:45,15
DA:46,15
DA:47,6
DA:48,15
DA:49,1
DA:50,1
DA:51,16
DA:53,16
DA:54,15
DA:55,15
DA:56,15
DA:57,15
DA:58,15
DA:59,15
DA:60,15
DA:61,3
DA:62,3
DA:63,3
DA:64,15
DA:65,16
DA:67,16
DA:68,16
LF:50
LH:50
BRDA:13,0,0,16
BRDA:23,1,0,5
BRDA:25,2,0,5
BRDA:27,3,0,1
BRDA:27,4,0,1
BRDA:31,5,0,5
BRDA:32,6,0,4
BRDA:33,7,0,1
BRDA:33,8,0,4
BRDA:34,9,0,2
BRDA:35,10,0,1
BRDA:35,11,0,1
BRDA:37,12,0,4
BRDA:38,13,0,3
BRDA:42,14,0,15
BRDA:43,15,0,9
BRDA:43,16,0,2
BRDA:43,17,0,7
BRDA:43,18,0,6
BRDA:46,19,0,9
BRDA:46,20,0,6
BRDA:48,21,0,1
BRDA:53,22,0,15
BRDA:55,23,0,9
BRDA:55,24,0,2
BRDA:55,25,0,7
BRDA:55,26,0,6
BRDA:59,27,0,6
BRDA:59,28,0,5
BRDA:59,29,0,1
BRDA:60,30,0,3
BRDA:61,31,0,3
BRDA:62,32,0,1
BRDA:62,33,0,2
BRDA:62,34,0,1
BRDA:62,35,0,1
BRF:36
BRH:36
end_of_record
TN:
SF:src/utils/escapeRegex.ts
FN:1,escapeRegExp
FNF:1
FNH:1
FNDA:13,escapeRegExp
DA:1,1
LF:1
LH:1
BRDA:1,0,0,13
BRF:1
BRH:1
end_of_record
TN:
SF:src/utils/themeHelpers.ts
FN:5,isTheme
FN:8,readStoredTheme
FN:17,getSystemDark
FN:25,applyMode
FNF:4
FNH:4
FNDA:19,isTheme
FNDA:8,readStoredTheme
FNDA:9,getSystemDark
FNDA:17,applyMode
DA:2,1
DA:3,1
DA:5,1
DA:6,19
DA:8,1
DA:9,8
DA:10,8
DA:11,8
DA:12,8
DA:13,1
DA:14,1
DA:15,8
DA:17,1
DA:18,9
DA:19,9
DA:20,9
DA:21,1
DA:22,1
DA:23,9
DA:25,1
DA:26,17
DA:27,17
DA:28,17
DA:29,17
LF:24
LH:24
BRDA:5,0,0,19
BRDA:6,1,0,18
BRDA:6,2,0,12
BRDA:8,3,0,8
BRDA:11,4,0,2
BRDA:11,5,0,5
BRDA:12,6,0,1
BRDA:17,7,0,9
BRDA:19,8,0,7
BRDA:20,9,0,1
BRDA:25,10,0,17
BRF:11
BRH:11
end_of_record
TN:
SF:src/utils/useTheme.tsx
FN:4,useTheme
FNF:1
FNH:1
FNDA:18,useTheme
DA:1,1
DA:2,1
DA:4,1
DA:5,18
DA:6,18
DA:7,15
DA:8,15
LF:7
LH:7
BRDA:4,0,0,18
BRDA:6,1,0,2
BRDA:6,2,0,15
BRF:3
BRH:3
end_of_record
